e:\projects\librecad-2.2\generated\plugin\sample\obj\vc143.pdb
e:\projects\librecad-2.2\generated\plugin\sample\obj\sample.obj
e:\projects\librecad-2.2\generated\plugin\sample\obj\moc_sample.obj
e:\projects\librecad-2.2\generated\plugin\sample\moc\moc_predefs.h
e:\projects\librecad-2.2\windows\resources\plugins\sampled1.dll
e:\projects\librecad-2.2\windows\resources\plugins\sampled1.pdb
e:\projects\librecad-2.2\plugins\sample\..\..\generated\plugin\sample\moc\moc_sample.cpp
e:\projects\librecad-2.2\generated\plugin\sample\obj\sampled_resource.res
e:\projects\librecad-2.2\generated\plugin\sample\moc\moc_sample.cpp
e:\projects\librecad-2.2\windows\resources\plugins\sampled1.lib
e:\projects\librecad-2.2\windows\resources\plugins\sampled1.exp
e:\projects\librecad-2.2\windows\resources\plugins\sampled1.ilk
e:\projects\librecad-2.2\generated\plugin\sample\obj\sample.tlog\cl.command.1.tlog
e:\projects\librecad-2.2\generated\plugin\sample\obj\sample.tlog\cl.items.tlog
e:\projects\librecad-2.2\generated\plugin\sample\obj\sample.tlog\cl.read.1.tlog
e:\projects\librecad-2.2\generated\plugin\sample\obj\sample.tlog\cl.write.1.tlog
e:\projects\librecad-2.2\generated\plugin\sample\obj\sample.tlog\custombuild.command.1.tlog
e:\projects\librecad-2.2\generated\plugin\sample\obj\sample.tlog\custombuild.read.1.tlog
e:\projects\librecad-2.2\generated\plugin\sample\obj\sample.tlog\custombuild.write.1.tlog
e:\projects\librecad-2.2\generated\plugin\sample\obj\sample.tlog\link.command.1.tlog
e:\projects\librecad-2.2\generated\plugin\sample\obj\sample.tlog\link.read.1.tlog
e:\projects\librecad-2.2\generated\plugin\sample\obj\sample.tlog\link.secondary.1.tlog
e:\projects\librecad-2.2\generated\plugin\sample\obj\sample.tlog\link.write.1.tlog
e:\projects\librecad-2.2\generated\plugin\sample\obj\sample.tlog\moc.read.1u.tlog
e:\projects\librecad-2.2\generated\plugin\sample\obj\sample.tlog\moc.write.1u.tlog
e:\projects\librecad-2.2\generated\plugin\sample\obj\sample.tlog\rc.command.1.tlog
e:\projects\librecad-2.2\generated\plugin\sample\obj\sample.tlog\rc.read.1.tlog
e:\projects\librecad-2.2\generated\plugin\sample\obj\sample.tlog\rc.write.1.tlog
e:\projects\librecad-2.2\generated\plugin\sample\obj\sample.tlog\sample.write.1u.tlog
