e:\projects\librecad-2.2\generated\plugin\divide\obj\moc_dividedlg.obj
e:\projects\librecad-2.2\generated\plugin\divide\obj\moc_divide.obj
e:\projects\librecad-2.2\generated\plugin\divide\obj\divide.obj
e:\projects\librecad-2.2\generated\plugin\divide\obj\dividedlg.obj
e:\projects\librecad-2.2\generated\plugin\divide\obj\vc143.pdb
e:\projects\librecad-2.2\generated\plugin\divide\moc\moc_predefs.h
e:\projects\librecad-2.2\generated\plugin\divide\moc\moc_divide.cpp
e:\projects\librecad-2.2\generated\plugin\divide\moc\moc_dividedlg.cpp
e:\projects\librecad-2.2\windows\resources\plugins\divided0.dll
e:\projects\librecad-2.2\windows\resources\plugins\divided0.pdb
e:\projects\librecad-2.2\plugins\divide\..\..\generated\plugin\divide\moc\moc_divide.cpp
e:\projects\librecad-2.2\plugins\divide\..\..\generated\plugin\divide\moc\moc_dividedlg.cpp
e:\projects\librecad-2.2\generated\plugin\divide\obj\divided_resource.res
e:\projects\librecad-2.2\windows\resources\plugins\divided0.lib
e:\projects\librecad-2.2\windows\resources\plugins\divided0.exp
e:\projects\librecad-2.2\windows\resources\plugins\divided0.ilk
e:\projects\librecad-2.2\generated\plugin\divide\obj\divide.tlog\cl.16424.write.1.tlog
e:\projects\librecad-2.2\generated\plugin\divide\obj\divide.tlog\cl.command.1.tlog
e:\projects\librecad-2.2\generated\plugin\divide\obj\divide.tlog\cl.items.tlog
e:\projects\librecad-2.2\generated\plugin\divide\obj\divide.tlog\cl.read.1.tlog
e:\projects\librecad-2.2\generated\plugin\divide\obj\divide.tlog\custombuild.command.1.tlog
e:\projects\librecad-2.2\generated\plugin\divide\obj\divide.tlog\custombuild.read.1.tlog
e:\projects\librecad-2.2\generated\plugin\divide\obj\divide.tlog\custombuild.write.1.tlog
e:\projects\librecad-2.2\generated\plugin\divide\obj\divide.tlog\divide.write.1u.tlog
e:\projects\librecad-2.2\generated\plugin\divide\obj\divide.tlog\link.command.1.tlog
e:\projects\librecad-2.2\generated\plugin\divide\obj\divide.tlog\link.read.1.tlog
e:\projects\librecad-2.2\generated\plugin\divide\obj\divide.tlog\link.secondary.1.tlog
e:\projects\librecad-2.2\generated\plugin\divide\obj\divide.tlog\link.write.1.tlog
e:\projects\librecad-2.2\generated\plugin\divide\obj\divide.tlog\moc.read.1u.tlog
e:\projects\librecad-2.2\generated\plugin\divide\obj\divide.tlog\moc.write.1u.tlog
e:\projects\librecad-2.2\generated\plugin\divide\obj\divide.tlog\rc.command.1.tlog
e:\projects\librecad-2.2\generated\plugin\divide\obj\divide.tlog\rc.read.1.tlog
e:\projects\librecad-2.2\generated\plugin\divide\obj\divide.tlog\rc.write.1.tlog
