d:\dm\librecad-2.4\generated\plugin\divide\obj\dividedlg.obj
d:\dm\librecad-2.4\generated\plugin\divide\obj\divide.obj
d:\dm\librecad-2.4\generated\plugin\divide\obj\moc_divide.obj
d:\dm\librecad-2.4\generated\plugin\divide\obj\moc_dividedlg.obj
d:\dm\librecad-2.4\generated\plugin\divide\moc\moc_predefs.h
d:\dm\librecad-2.4\generated\plugin\divide\moc\moc_divide.cpp
d:\dm\librecad-2.4\generated\plugin\divide\moc\moc_dividedlg.cpp
d:\dm\librecad-2.4(yitiji)\generated\plugin\divide\moc\moc_divide.cpp
d:\dm\librecad-2.4(yitiji)\generated\plugin\divide\moc\moc_dividedlg.cpp
d:\dm\librecad-2.4\windows\resources\plugins\divide0.dll
d:\dm\librecad-2.4\plugins\divide\..\..\generated\plugin\divide\moc\moc_divide.cpp
d:\dm\librecad-2.4\plugins\divide\..\..\generated\plugin\divide\moc\moc_dividedlg.cpp
d:\dm\librecad-2.4\generated\plugin\divide\obj\divide_resource.res
d:\dm\librecad-2.4\windows\resources\plugins\divide0.lib
d:\dm\librecad-2.4\windows\resources\plugins\divide0.exp
d:\dm\librecad-2.4(yitiji)\generated\plugin\divide\obj\divide.obj
d:\dm\librecad-2.4(yitiji)\generated\plugin\divide\obj\dividedlg.obj
d:\dm\librecad-2.4(yitiji)\generated\plugin\divide\obj\moc_divide.obj
d:\dm\librecad-2.4(yitiji)\generated\plugin\divide\obj\moc_dividedlg.obj
d:\dm\librecad-2.4(yitiji)\generated\plugin\divide\obj\divide_resource.res
d:\dm\librecad-2.4(yitiji)\windows\resources\plugins\divide0.dll
d:\dm\librecad-2.4(yitiji)\generated\plugin\divide\obj\divide.tlog\cl.12200.write.1.tlog
d:\dm\librecad-2.4(yitiji)\generated\plugin\divide\obj\divide.tlog\cl.command.1.tlog
d:\dm\librecad-2.4(yitiji)\generated\plugin\divide\obj\divide.tlog\cl.items.tlog
d:\dm\librecad-2.4(yitiji)\generated\plugin\divide\obj\divide.tlog\cl.read.1.tlog
d:\dm\librecad-2.4(yitiji)\generated\plugin\divide\obj\divide.tlog\custombuild.command.1.tlog
d:\dm\librecad-2.4(yitiji)\generated\plugin\divide\obj\divide.tlog\custombuild.read.1.tlog
d:\dm\librecad-2.4(yitiji)\generated\plugin\divide\obj\divide.tlog\custombuild.write.1.tlog
d:\dm\librecad-2.4(yitiji)\generated\plugin\divide\obj\divide.tlog\divide.write.1u.tlog
d:\dm\librecad-2.4(yitiji)\generated\plugin\divide\obj\divide.tlog\link.command.1.tlog
d:\dm\librecad-2.4(yitiji)\generated\plugin\divide\obj\divide.tlog\link.read.1.tlog
d:\dm\librecad-2.4(yitiji)\generated\plugin\divide\obj\divide.tlog\link.secondary.1.tlog
d:\dm\librecad-2.4(yitiji)\generated\plugin\divide\obj\divide.tlog\link.write.1.tlog
d:\dm\librecad-2.4(yitiji)\generated\plugin\divide\obj\divide.tlog\moc.read.1u.tlog
d:\dm\librecad-2.4(yitiji)\generated\plugin\divide\obj\divide.tlog\moc.write.1u.tlog
d:\dm\librecad-2.4(yitiji)\generated\plugin\divide\obj\divide.tlog\rc.command.1.tlog
d:\dm\librecad-2.4(yitiji)\generated\plugin\divide\obj\divide.tlog\rc.read.1.tlog
d:\dm\librecad-2.4(yitiji)\generated\plugin\divide\obj\divide.tlog\rc.write.1.tlog
