e:\projects\librecad-2.2\generated\plugin\plotequation\obj\moc_plotdialog.obj
e:\projects\librecad-2.2\generated\plugin\plotequation\obj\moc_plot.obj
e:\projects\librecad-2.2\generated\plugin\plotequation\obj\plotdialog.obj
e:\projects\librecad-2.2\generated\plugin\plotequation\obj\plot.obj
e:\projects\librecad-2.2\generated\plugin\plotequation\obj\vc143.pdb
e:\projects\librecad-2.2\generated\plugin\plotequation\moc\moc_predefs.h
e:\projects\librecad-2.2\windows\resources\plugins\plotequationd1.dll
e:\projects\librecad-2.2\windows\resources\plugins\plotequationd1.pdb
e:\projects\librecad-2.2\plugins\plotequation\..\..\generated\plugin\plotequation\moc\moc_plot.cpp
e:\projects\librecad-2.2\plugins\plotequation\..\..\generated\plugin\plotequation\moc\moc_plotdialog.cpp
e:\projects\librecad-2.2\generated\plugin\plotequation\moc\moc_plot.cpp
e:\projects\librecad-2.2\generated\plugin\plotequation\moc\moc_plotdialog.cpp
e:\projects\librecad-2.2\generated\plugin\plotequation\obj\plotequationd_resource.res
e:\projects\librecad-2.2\windows\resources\plugins\plotequationd1.lib
e:\projects\librecad-2.2\windows\resources\plugins\plotequationd1.exp
e:\projects\librecad-2.2\windows\resources\plugins\plotequationd1.ilk
e:\projects\librecad-2.2\generated\plugin\plotequation\obj\plotequation.tlog\cl.30528.write.1.tlog
e:\projects\librecad-2.2\generated\plugin\plotequation\obj\plotequation.tlog\cl.command.1.tlog
e:\projects\librecad-2.2\generated\plugin\plotequation\obj\plotequation.tlog\cl.items.tlog
e:\projects\librecad-2.2\generated\plugin\plotequation\obj\plotequation.tlog\cl.read.1.tlog
e:\projects\librecad-2.2\generated\plugin\plotequation\obj\plotequation.tlog\custombuild.command.1.tlog
e:\projects\librecad-2.2\generated\plugin\plotequation\obj\plotequation.tlog\custombuild.read.1.tlog
e:\projects\librecad-2.2\generated\plugin\plotequation\obj\plotequation.tlog\custombuild.write.1.tlog
e:\projects\librecad-2.2\generated\plugin\plotequation\obj\plotequation.tlog\link.command.1.tlog
e:\projects\librecad-2.2\generated\plugin\plotequation\obj\plotequation.tlog\link.read.1.tlog
e:\projects\librecad-2.2\generated\plugin\plotequation\obj\plotequation.tlog\link.secondary.1.tlog
e:\projects\librecad-2.2\generated\plugin\plotequation\obj\plotequation.tlog\link.write.1.tlog
e:\projects\librecad-2.2\generated\plugin\plotequation\obj\plotequation.tlog\moc.read.1u.tlog
e:\projects\librecad-2.2\generated\plugin\plotequation\obj\plotequation.tlog\moc.write.1u.tlog
e:\projects\librecad-2.2\generated\plugin\plotequation\obj\plotequation.tlog\plotequation.write.1u.tlog
e:\projects\librecad-2.2\generated\plugin\plotequation\obj\plotequation.tlog\rc.command.1.tlog
e:\projects\librecad-2.2\generated\plugin\plotequation\obj\plotequation.tlog\rc.read.1.tlog
e:\projects\librecad-2.2\generated\plugin\plotequation\obj\plotequation.tlog\rc.write.1.tlog
