d:\dm\librecad-2.4\generated\plugin\plotequation\obj\moc_plotdialog.obj
d:\dm\librecad-2.4\generated\plugin\plotequation\obj\moc_plot.obj
d:\dm\librecad-2.4\generated\plugin\plotequation\obj\plotdialog.obj
d:\dm\librecad-2.4\generated\plugin\plotequation\obj\plot.obj
d:\dm\librecad-2.4\generated\plugin\plotequation\moc\moc_predefs.h
d:\dm\librecad-2.4\windows\resources\plugins\plotequation1.dll
d:\dm\librecad-2.4\plugins\plotequation\..\..\generated\plugin\plotequation\moc\moc_plot.cpp
d:\dm\librecad-2.4\plugins\plotequation\..\..\generated\plugin\plotequation\moc\moc_plotdialog.cpp
d:\dm\librecad-2.4\generated\plugin\plotequation\moc\moc_plot.cpp
d:\dm\librecad-2.4\generated\plugin\plotequation\moc\moc_plotdialog.cpp
d:\dm\librecad-2.4(yitiji)\generated\plugin\plotequation\moc\moc_plot.cpp
d:\dm\librecad-2.4(yitiji)\generated\plugin\plotequation\moc\moc_plotdialog.cpp
d:\dm\librecad-2.4\generated\plugin\plotequation\obj\plotequation_resource.res
d:\dm\librecad-2.4\windows\resources\plugins\plotequation1.lib
d:\dm\librecad-2.4\windows\resources\plugins\plotequation1.exp
d:\dm\librecad-2.4(yitiji)\generated\plugin\plotequation\obj\moc_plot.obj
d:\dm\librecad-2.4(yitiji)\generated\plugin\plotequation\obj\moc_plotdialog.obj
d:\dm\librecad-2.4(yitiji)\generated\plugin\plotequation\obj\plot.obj
d:\dm\librecad-2.4(yitiji)\generated\plugin\plotequation\obj\plotdialog.obj
d:\dm\librecad-2.4(yitiji)\generated\plugin\plotequation\obj\plotequation_resource.res
d:\dm\librecad-2.4(yitiji)\windows\resources\plugins\plotequation1.dll
d:\dm\librecad-2.4(yitiji)\generated\plugin\plotequation\obj\plotequation.tlog\cl.11792.write.1.tlog
d:\dm\librecad-2.4(yitiji)\generated\plugin\plotequation\obj\plotequation.tlog\cl.command.1.tlog
d:\dm\librecad-2.4(yitiji)\generated\plugin\plotequation\obj\plotequation.tlog\cl.items.tlog
d:\dm\librecad-2.4(yitiji)\generated\plugin\plotequation\obj\plotequation.tlog\cl.read.1.tlog
d:\dm\librecad-2.4(yitiji)\generated\plugin\plotequation\obj\plotequation.tlog\custombuild.command.1.tlog
d:\dm\librecad-2.4(yitiji)\generated\plugin\plotequation\obj\plotequation.tlog\custombuild.read.1.tlog
d:\dm\librecad-2.4(yitiji)\generated\plugin\plotequation\obj\plotequation.tlog\custombuild.write.1.tlog
d:\dm\librecad-2.4(yitiji)\generated\plugin\plotequation\obj\plotequation.tlog\link.command.1.tlog
d:\dm\librecad-2.4(yitiji)\generated\plugin\plotequation\obj\plotequation.tlog\link.read.1.tlog
d:\dm\librecad-2.4(yitiji)\generated\plugin\plotequation\obj\plotequation.tlog\link.secondary.1.tlog
d:\dm\librecad-2.4(yitiji)\generated\plugin\plotequation\obj\plotequation.tlog\link.write.1.tlog
d:\dm\librecad-2.4(yitiji)\generated\plugin\plotequation\obj\plotequation.tlog\moc.read.1u.tlog
d:\dm\librecad-2.4(yitiji)\generated\plugin\plotequation\obj\plotequation.tlog\moc.write.1u.tlog
d:\dm\librecad-2.4(yitiji)\generated\plugin\plotequation\obj\plotequation.tlog\plotequation.write.1u.tlog
d:\dm\librecad-2.4(yitiji)\generated\plugin\plotequation\obj\plotequation.tlog\rc.command.1.tlog
d:\dm\librecad-2.4(yitiji)\generated\plugin\plotequation\obj\plotequation.tlog\rc.read.1.tlog
d:\dm\librecad-2.4(yitiji)\generated\plugin\plotequation\obj\plotequation.tlog\rc.write.1.tlog
