d:\dm\librecad-2.4\generated\plugin\list\obj\list.obj
d:\dm\librecad-2.4\generated\plugin\list\obj\moc_list.obj
d:\dm\librecad-2.4\generated\plugin\list\moc\moc_predefs.h
d:\dm\librecad-2.4\windows\resources\plugins\list1.dll
d:\dm\librecad-2.4\generated\plugin\list\moc\moc_list.cpp
d:\dm\librecad-2.4(yitiji)\generated\plugin\list\moc\moc_list.cpp
d:\dm\librecad-2.4\plugins\list\..\..\generated\plugin\list\moc\moc_list.cpp
d:\dm\librecad-2.4\generated\plugin\list\obj\list_resource.res
d:\dm\librecad-2.4\windows\resources\plugins\list1.lib
d:\dm\librecad-2.4\windows\resources\plugins\list1.exp
d:\dm\librecad-2.4(yitiji)\generated\plugin\list\obj\list.obj
d:\dm\librecad-2.4(yitiji)\generated\plugin\list\obj\moc_list.obj
d:\dm\librecad-2.4(yitiji)\generated\plugin\list\obj\list_resource.res
d:\dm\librecad-2.4(yitiji)\windows\resources\plugins\list1.dll
d:\dm\librecad-2.4(yitiji)\generated\plugin\list\obj\list.tlog\cl.command.1.tlog
d:\dm\librecad-2.4(yitiji)\generated\plugin\list\obj\list.tlog\cl.items.tlog
d:\dm\librecad-2.4(yitiji)\generated\plugin\list\obj\list.tlog\cl.read.1.tlog
d:\dm\librecad-2.4(yitiji)\generated\plugin\list\obj\list.tlog\cl.write.1.tlog
d:\dm\librecad-2.4(yitiji)\generated\plugin\list\obj\list.tlog\custombuild.command.1.tlog
d:\dm\librecad-2.4(yitiji)\generated\plugin\list\obj\list.tlog\custombuild.read.1.tlog
d:\dm\librecad-2.4(yitiji)\generated\plugin\list\obj\list.tlog\custombuild.write.1.tlog
d:\dm\librecad-2.4(yitiji)\generated\plugin\list\obj\list.tlog\link.command.1.tlog
d:\dm\librecad-2.4(yitiji)\generated\plugin\list\obj\list.tlog\link.read.1.tlog
d:\dm\librecad-2.4(yitiji)\generated\plugin\list\obj\list.tlog\link.secondary.1.tlog
d:\dm\librecad-2.4(yitiji)\generated\plugin\list\obj\list.tlog\link.write.1.tlog
d:\dm\librecad-2.4(yitiji)\generated\plugin\list\obj\list.tlog\list.write.1u.tlog
d:\dm\librecad-2.4(yitiji)\generated\plugin\list\obj\list.tlog\moc.read.1u.tlog
d:\dm\librecad-2.4(yitiji)\generated\plugin\list\obj\list.tlog\moc.write.1u.tlog
d:\dm\librecad-2.4(yitiji)\generated\plugin\list\obj\list.tlog\rc.command.1.tlog
d:\dm\librecad-2.4(yitiji)\generated\plugin\list\obj\list.tlog\rc.read.1.tlog
d:\dm\librecad-2.4(yitiji)\generated\plugin\list\obj\list.tlog\rc.write.1.tlog
