e:\projects\librecad-2.2\generated\plugin\list\obj\vc143.pdb
e:\projects\librecad-2.2\generated\plugin\list\obj\list.obj
e:\projects\librecad-2.2\generated\plugin\list\obj\moc_list.obj
e:\projects\librecad-2.2\generated\plugin\list\moc\moc_predefs.h
e:\projects\librecad-2.2\windows\resources\plugins\listd1.dll
e:\projects\librecad-2.2\windows\resources\plugins\listd1.pdb
e:\projects\librecad-2.2\generated\plugin\list\moc\moc_list.cpp
e:\projects\librecad-2.2\plugins\list\..\..\generated\plugin\list\moc\moc_list.cpp
e:\projects\librecad-2.2\generated\plugin\list\obj\listd_resource.res
e:\projects\librecad-2.2\windows\resources\plugins\listd1.lib
e:\projects\librecad-2.2\windows\resources\plugins\listd1.exp
e:\projects\librecad-2.2\windows\resources\plugins\listd1.ilk
e:\projects\librecad-2.2\generated\plugin\list\obj\list.tlog\cl.command.1.tlog
e:\projects\librecad-2.2\generated\plugin\list\obj\list.tlog\cl.items.tlog
e:\projects\librecad-2.2\generated\plugin\list\obj\list.tlog\cl.read.1.tlog
e:\projects\librecad-2.2\generated\plugin\list\obj\list.tlog\cl.write.1.tlog
e:\projects\librecad-2.2\generated\plugin\list\obj\list.tlog\custombuild.command.1.tlog
e:\projects\librecad-2.2\generated\plugin\list\obj\list.tlog\custombuild.read.1.tlog
e:\projects\librecad-2.2\generated\plugin\list\obj\list.tlog\custombuild.write.1.tlog
e:\projects\librecad-2.2\generated\plugin\list\obj\list.tlog\link.command.1.tlog
e:\projects\librecad-2.2\generated\plugin\list\obj\list.tlog\link.read.1.tlog
e:\projects\librecad-2.2\generated\plugin\list\obj\list.tlog\link.secondary.1.tlog
e:\projects\librecad-2.2\generated\plugin\list\obj\list.tlog\link.write.1.tlog
e:\projects\librecad-2.2\generated\plugin\list\obj\list.tlog\list.write.1u.tlog
e:\projects\librecad-2.2\generated\plugin\list\obj\list.tlog\moc.read.1u.tlog
e:\projects\librecad-2.2\generated\plugin\list\obj\list.tlog\moc.write.1u.tlog
e:\projects\librecad-2.2\generated\plugin\list\obj\list.tlog\rc.command.1.tlog
e:\projects\librecad-2.2\generated\plugin\list\obj\list.tlog\rc.read.1.tlog
e:\projects\librecad-2.2\generated\plugin\list\obj\list.tlog\rc.write.1.tlog
