   Qt/MSBuild: 3.5.0.0
   Qt: 5.15.2
  OCRruning.cpp
  Setting.cpp
  rs_actionblocksattributes.cpp
  rs_actionblockssave.cpp
  rs_undo.cpp
  main.cpp
  qc_applicationwindow.cpp
  qc_dialogfactory.cpp
  lc_simpletests.cpp
  lc_actionfactory.cpp
  lc_actiongroupmanager.cpp
  lc_widgetfactory.cpp
  qg_layerwidget.cpp
D:\DM\LibreCAD-2.4(YitiJi)\librecad\src\lib\engine\rs.h(1,1): warning C4819: 该文件包含不能在当前代码页(936)中表示的字符。请将该文件保存为 Unicode 格式以防止数据丢失
  (编译源文件“main/qc_applicationwindow.cpp”)
  
D:\DM\LibreCAD-2.4(YitiJi)\librecad\src\lib\engine\rs.h(1,1): warning C4819: 该文件包含不能在当前代码页(936)中表示的字符。请将该文件保存为 Unicode 格式以防止数据丢失
  (编译源文件“actions/rs_actionblocksattributes.cpp”)
  
D:\DM\LibreCAD-2.4(YitiJi)\librecad\src\lib\engine\rs.h(1,1): warning C4819: 该文件包含不能在当前代码页(936)中表示的字符。请将该文件保存为 Unicode 格式以防止数据丢失
  (编译源文件“actions/rs_actionblockssave.cpp”)
  
D:\DM\LibreCAD-2.4(YitiJi)\librecad\src\lib\engine\rs.h(1,1): warning C4819: 该文件包含不能在当前代码页(936)中表示的字符。请将该文件保存为 Unicode 格式以防止数据丢失
  (编译源文件“ui/lc_widgetfactory.cpp”)
  
D:\DM\LibreCAD-2.4(YitiJi)\librecad\src\lib\engine\rs.h(1,1): warning C4819: 该文件包含不能在当前代码页(936)中表示的字符。请将该文件保存为 Unicode 格式以防止数据丢失
  (编译源文件“ui/lc_actionfactory.cpp”)
  
D:\DM\LibreCAD-2.4(YitiJi)\librecad\src\lib\engine\rs.h(1,1): warning C4819: 该文件包含不能在当前代码页(936)中表示的字符。请将该文件保存为 Unicode 格式以防止数据丢失
  (编译源文件“main/qc_dialogfactory.cpp”)
  
D:\DM\LibreCAD-2.4(YitiJi)\librecad\src\lib\engine\rs.h(1,1): warning C4819: 该文件包含不能在当前代码页(936)中表示的字符。请将该文件保存为 Unicode 格式以防止数据丢失
  (编译源文件“ui/lc_actiongroupmanager.cpp”)
  
D:\DM\LibreCAD-2.4(YitiJi)\librecad\src\lib\engine\rs.h(1,1): warning C4819: 该文件包含不能在当前代码页(936)中表示的字符。请将该文件保存为 Unicode 格式以防止数据丢失
  (编译源文件“lib/engine/rs_undo.cpp”)
  
D:\DM\LibreCAD-2.4(YitiJi)\librecad\src\lib\engine\rs_patternlist.h(64,23): warning C4267: “return”: 从“size_t”转换到“int”，可能丢失数据
  (编译源文件“main/main.cpp”)
  
D:\DM\LibreCAD-2.4(YitiJi)\librecad\src\lib\engine\rs.h(1,1): warning C4819: 该文件包含不能在当前代码页(936)中表示的字符。请将该文件保存为 Unicode 格式以防止数据丢失
  (编译源文件“main/main.cpp”)
  
D:\DM\LibreCAD-2.4(YitiJi)\librecad\src\lib\engine\rs.h(1,1): warning C4819: 该文件包含不能在当前代码页(936)中表示的字符。请将该文件保存为 Unicode 格式以防止数据丢失
  (编译源文件“ui/qg_layerwidget.cpp”)
  
D:\DM\LibreCAD-2.4(YitiJi)\librecad\src\lib\engine\rs.h(1,1): warning C4819: 该文件包含不能在当前代码页(936)中表示的字符。请将该文件保存为 Unicode 格式以防止数据丢失
  (编译源文件“test/lc_simpletests.cpp”)
  
D:\DM\LibreCAD-2.4(YitiJi)\librecad\src\lib\engine\rs_polyline.h(38,69): warning C4100: 'step': 未引用的参数
  (编译源文件“main/qc_applicationwindow.cpp”)
  
D:\DM\LibreCAD-2.4(YitiJi)\librecad\src\lib\engine\rs_polyline.h(38,69): warning C4100: 'step': 未引用的参数
  (编译源文件“ui/lc_widgetfactory.cpp”)
  
D:\DM\LibreCAD-2.4(YitiJi)\librecad\src\lib\engine\rs_polyline.h(38,69): warning C4100: 'step': 未引用的参数
  (编译源文件“actions/rs_actionblocksattributes.cpp”)
  
D:\DM\LibreCAD-2.4(YitiJi)\librecad\src\lib\engine\rs_polyline.h(38,69): warning C4100: 'step': 未引用的参数
  (编译源文件“ui/lc_actionfactory.cpp”)
  
D:\DM\LibreCAD-2.4(YitiJi)\librecad\src\lib\engine\rs_polyline.h(38,69): warning C4100: 'step': 未引用的参数
  (编译源文件“ui/lc_actiongroupmanager.cpp”)
  
D:\DM\LibreCAD-2.4(YitiJi)\librecad\src\lib\engine\rs_polyline.h(38,69): warning C4100: 'step': 未引用的参数
  (编译源文件“actions/rs_actionblockssave.cpp”)
  
D:\DM\LibreCAD-2.4(YitiJi)\librecad\src\lib\engine\rs_polyline.h(38,69): warning C4100: 'step': 未引用的参数
  (编译源文件“main/qc_dialogfactory.cpp”)
  
D:\DM\LibreCAD-2.4(YitiJi)\librecad\src\lib\engine\rs_polyline.h(38,69): warning C4100: 'step': 未引用的参数
  (编译源文件“lib/engine/rs_undo.cpp”)
  
D:\DM\LibreCAD-2.4(YitiJi)\librecad\src\lib\engine\rs_polyline.h(38,69): warning C4100: 'step': 未引用的参数
  (编译源文件“main/main.cpp”)
  
D:\DM\LibreCAD-2.4(YitiJi)\librecad\src\lib\engine\rs_polyline.h(38,69): warning C4100: 'step': 未引用的参数
  (编译源文件“test/lc_simpletests.cpp”)
  
D:\DM\LibreCAD-2.4(YitiJi)\librecad\src\lib\engine\rs_polyline.h(38,69): warning C4100: 'step': 未引用的参数
  (编译源文件“ui/qg_layerwidget.cpp”)
  
D:\software\vcpkg-master\installed\x64-windows\include\iconv.h(1,1): warning C4819: 该文件包含不能在当前代码页(936)中表示的字符。请将该文件保存为 Unicode 格式以防止数据丢失
  (编译源文件“OCRdemo/Setting.cpp”)
  
D:\DM\LibreCAD-2.4(YitiJi)\librecad\src\main\qc_applicationwindow.h(142,10): warning C4067: 预处理器指令后有意外标记 - 应输入换行符
  (编译源文件“ui/lc_widgetfactory.cpp”)
  
D:\DM\LibreCAD-2.4(YitiJi)\librecad\src\OCRdemo\GXBitmap.h(1,1): warning C4819: 该文件包含不能在当前代码页(936)中表示的字符。请将该文件保存为 Unicode 格式以防止数据丢失
  (编译源文件“ui/lc_widgetfactory.cpp”)
  
D:\DM\LibreCAD-2.4(YitiJi)\librecad\src\main\qc_applicationwindow.h(142,10): warning C4067: 预处理器指令后有意外标记 - 应输入换行符
  (编译源文件“main/qc_applicationwindow.cpp”)
  
D:\DM\LibreCAD-2.4(YitiJi)\librecad\src\OCRdemo\GXBitmap.h(1,1): warning C4819: 该文件包含不能在当前代码页(936)中表示的字符。请将该文件保存为 Unicode 格式以防止数据丢失
  (编译源文件“main/qc_applicationwindow.cpp”)
  
D:\DM\LibreCAD-2.4(YitiJi)\librecad\src\main\qc_applicationwindow.h(142,10): warning C4067: 预处理器指令后有意外标记 - 应输入换行符
  (编译源文件“actions/rs_actionblocksattributes.cpp”)
  
D:\DM\LibreCAD-2.4(YitiJi)\librecad\src\OCRdemo\GXBitmap.h(1,1): warning C4819: 该文件包含不能在当前代码页(936)中表示的字符。请将该文件保存为 Unicode 格式以防止数据丢失
  (编译源文件“actions/rs_actionblocksattributes.cpp”)
  
D:\DM\LibreCAD-2.4(YitiJi)\librecad\src\main\qc_applicationwindow.h(142,10): warning C4067: 预处理器指令后有意外标记 - 应输入换行符
  (编译源文件“lib/engine/rs_undo.cpp”)
  
D:\DM\LibreCAD-2.4(YitiJi)\librecad\src\OCRdemo\GXBitmap.h(1,1): warning C4819: 该文件包含不能在当前代码页(936)中表示的字符。请将该文件保存为 Unicode 格式以防止数据丢失
  (编译源文件“lib/engine/rs_undo.cpp”)
  
D:\DM\LibreCAD-2.4(YitiJi)\librecad\src\main\qc_applicationwindow.h(142,10): warning C4067: 预处理器指令后有意外标记 - 应输入换行符
  (编译源文件“ui/lc_actionfactory.cpp”)
  
D:\DM\LibreCAD-2.4(YitiJi)\librecad\src\OCRdemo\GXBitmap.h(1,1): warning C4819: 该文件包含不能在当前代码页(936)中表示的字符。请将该文件保存为 Unicode 格式以防止数据丢失
  (编译源文件“ui/lc_actionfactory.cpp”)
  
D:\DM\LibreCAD-2.4(YitiJi)\librecad\src\main\qc_applicationwindow.h(142,10): warning C4067: 预处理器指令后有意外标记 - 应输入换行符
  (编译源文件“ui/lc_actiongroupmanager.cpp”)
  
D:\DM\LibreCAD-2.4(YitiJi)\librecad\src\OCRdemo\GXBitmap.h(1,1): warning C4819: 该文件包含不能在当前代码页(936)中表示的字符。请将该文件保存为 Unicode 格式以防止数据丢失
  (编译源文件“ui/lc_actiongroupmanager.cpp”)
  
D:\DM\LibreCAD-2.4(YitiJi)\librecad\src\main\qc_applicationwindow.h(142,10): warning C4067: 预处理器指令后有意外标记 - 应输入换行符
  (编译源文件“main/qc_dialogfactory.cpp”)
  
D:\DM\LibreCAD-2.4(YitiJi)\librecad\src\OCRdemo\GXBitmap.h(1,1): warning C4819: 该文件包含不能在当前代码页(936)中表示的字符。请将该文件保存为 Unicode 格式以防止数据丢失
  (编译源文件“main/qc_dialogfactory.cpp”)
  
D:\DM\LibreCAD-2.4(YitiJi)\librecad\src\main\qc_applicationwindow.h(142,10): warning C4067: 预处理器指令后有意外标记 - 应输入换行符
  (编译源文件“actions/rs_actionblockssave.cpp”)
  
D:\DM\LibreCAD-2.4(YitiJi)\librecad\src\OCRdemo\GXBitmap.h(1,1): warning C4819: 该文件包含不能在当前代码页(936)中表示的字符。请将该文件保存为 Unicode 格式以防止数据丢失
  (编译源文件“actions/rs_actionblockssave.cpp”)
  
D:\DM\LibreCAD-2.4(YitiJi)\librecad\src\main\qc_applicationwindow.h(142,10): warning C4067: 预处理器指令后有意外标记 - 应输入换行符
  (编译源文件“main/main.cpp”)
  
D:\DM\LibreCAD-2.4(YitiJi)\librecad\src\main\qc_applicationwindow.h(142,10): warning C4067: 预处理器指令后有意外标记 - 应输入换行符
  (编译源文件“test/lc_simpletests.cpp”)
  
D:\DM\LibreCAD-2.4(YitiJi)\librecad\src\OCRdemo\GXBitmap.h(1,1): warning C4819: 该文件包含不能在当前代码页(936)中表示的字符。请将该文件保存为 Unicode 格式以防止数据丢失
  (编译源文件“main/main.cpp”)
  
D:\DM\LibreCAD-2.4(YitiJi)\librecad\src\OCRdemo\GXBitmap.h(1,1): warning C4819: 该文件包含不能在当前代码页(936)中表示的字符。请将该文件保存为 Unicode 格式以防止数据丢失
  (编译源文件“test/lc_simpletests.cpp”)
  
D:\DM\LibreCAD-2.4(YitiJi)\librecad\src\main\qc_applicationwindow.h(142,10): warning C4067: 预处理器指令后有意外标记 - 应输入换行符
  (编译源文件“ui/qg_layerwidget.cpp”)
  
D:\DM\LibreCAD-2.4(YitiJi)\librecad\src\OCRdemo\GXBitmap.h(1,1): warning C4819: 该文件包含不能在当前代码页(936)中表示的字符。请将该文件保存为 Unicode 格式以防止数据丢失
  (编译源文件“ui/qg_layerwidget.cpp”)
  
D:\software\vcpkg-master\installed\x64-windows\include\iconv.h(1,1): warning C4819: 该文件包含不能在当前代码页(936)中表示的字符。请将该文件保存为 Unicode 格式以防止数据丢失
  (编译源文件“ui/lc_widgetfactory.cpp”)
  
D:\DM\LibreCAD-2.4(YitiJi)\librecad\src\OCRdemo\OCRruning.cpp(24,75): warning C4267: “参数”: 从“size_t”转换到“int”，可能丢失数据
D:\DM\LibreCAD-2.4(YitiJi)\librecad\src\OCRdemo\OCRruning.cpp(12,429): warning C4100: 'SecOCRSize': 未引用的参数
D:\DM\LibreCAD-2.4(YitiJi)\librecad\src\OCRdemo\OCRruning.cpp(12,408): warning C4100: 'FirstOCRSize': 未引用的参数
D:\DM\LibreCAD-2.4(YitiJi)\librecad\src\OCRdemo\OCRruning.cpp(388,13): warning C4189: “sec_duration_millsecond”: 局部变量已初始化但不引用
D:\software\vcpkg-master\installed\x64-windows\include\iconv.h(1,1): warning C4819: 该文件包含不能在当前代码页(936)中表示的字符。请将该文件保存为 Unicode 格式以防止数据丢失
  (编译源文件“main/qc_applicationwindow.cpp”)
  
D:\DM\LibreCAD-2.4(YitiJi)\librecad\src\OCRdemo\OCRruning.cpp(500,11): warning C4267: “初始化”: 从“size_t”转换到“int”，可能丢失数据
D:\DM\LibreCAD-2.4(YitiJi)\librecad\src\OCRdemo\OCRruning.cpp(500,29): warning C4267: “初始化”: 从“size_t”转换到“int”，可能丢失数据
D:\DM\LibreCAD-2.4(YitiJi)\librecad\src\OCRdemo\OCRruning.cpp(528,29): warning C4267: “=”: 从“size_t”转换到“int”，可能丢失数据
D:\software\vcpkg-master\installed\x64-windows\include\iconv.h(1,1): warning C4819: 该文件包含不能在当前代码页(936)中表示的字符。请将该文件保存为 Unicode 格式以防止数据丢失
  (编译源文件“actions/rs_actionblocksattributes.cpp”)
  
D:\DM\LibreCAD-2.4(YitiJi)\librecad\src\OCRdemo\OCRruning.cpp(529,42): warning C4267: “=”: 从“size_t”转换到“int”，可能丢失数据
D:\DM\LibreCAD-2.4(YitiJi)\librecad\src\OCRdemo\OCRruning.cpp(684,29): warning C4267: “=”: 从“size_t”转换到“int”，可能丢失数据
D:\DM\LibreCAD-2.4(YitiJi)\librecad\src\OCRdemo\OCRruning.cpp(685,42): warning C4267: “=”: 从“size_t”转换到“int”，可能丢失数据
D:\software\vcpkg-master\installed\x64-windows\include\iconv.h(1,1): warning C4819: 该文件包含不能在当前代码页(936)中表示的字符。请将该文件保存为 Unicode 格式以防止数据丢失
  (编译源文件“lib/engine/rs_undo.cpp”)
  
D:\software\vcpkg-master\installed\x64-windows\include\iconv.h(1,1): warning C4819: 该文件包含不能在当前代码页(936)中表示的字符。请将该文件保存为 Unicode 格式以防止数据丢失
  (编译源文件“main/qc_dialogfactory.cpp”)
  
D:\software\vcpkg-master\installed\x64-windows\include\iconv.h(1,1): warning C4819: 该文件包含不能在当前代码页(936)中表示的字符。请将该文件保存为 Unicode 格式以防止数据丢失
  (编译源文件“main/main.cpp”)
  
D:\software\vcpkg-master\installed\x64-windows\include\iconv.h(1,1): warning C4819: 该文件包含不能在当前代码页(936)中表示的字符。请将该文件保存为 Unicode 格式以防止数据丢失
  (编译源文件“ui/lc_actiongroupmanager.cpp”)
  
D:\DM\LibreCAD-2.4(YitiJi)\librecad\src\OCRdemo\SerialManager.h(9,10): warning C4067: 预处理器指令后有意外标记 - 应输入换行符
  (编译源文件“ui/lc_widgetfactory.cpp”)
  
D:\DM\LibreCAD-2.4(YitiJi)\librecad\src\OCRdemo\SerialManager.h(9,10): warning C4067: 预处理器指令后有意外标记 - 应输入换行符
  (编译源文件“main/qc_applicationwindow.cpp”)
  
D:\software\vcpkg-master\installed\x64-windows\include\iconv.h(1,1): warning C4819: 该文件包含不能在当前代码页(936)中表示的字符。请将该文件保存为 Unicode 格式以防止数据丢失
  (编译源文件“test/lc_simpletests.cpp”)
  
D:\software\vcpkg-master\installed\x64-windows\include\iconv.h(1,1): warning C4819: 该文件包含不能在当前代码页(936)中表示的字符。请将该文件保存为 Unicode 格式以防止数据丢失
  (编译源文件“actions/rs_actionblockssave.cpp”)
  
D:\DM\LibreCAD-2.4(YitiJi)\librecad\src\OCRdemo\SerialManager.h(9,10): warning C4067: 预处理器指令后有意外标记 - 应输入换行符
  (编译源文件“actions/rs_actionblocksattributes.cpp”)
  
D:\software\vcpkg-master\installed\x64-windows\include\iconv.h(1,1): warning C4819: 该文件包含不能在当前代码页(936)中表示的字符。请将该文件保存为 Unicode 格式以防止数据丢失
  (编译源文件“ui/lc_actionfactory.cpp”)
  
D:\DM\LibreCAD-2.4(YitiJi)\librecad\src\OCRdemo\SerialManager.h(9,10): warning C4067: 预处理器指令后有意外标记 - 应输入换行符
  (编译源文件“lib/engine/rs_undo.cpp”)
  
D:\DM\LibreCAD-2.4(YitiJi)\librecad\src\OCRdemo\SerialManager.h(9,10): warning C4067: 预处理器指令后有意外标记 - 应输入换行符
  (编译源文件“main/qc_dialogfactory.cpp”)
  
D:\DM\LibreCAD-2.4(YitiJi)\librecad\src\OCRdemo\SerialManager.h(9,10): warning C4067: 预处理器指令后有意外标记 - 应输入换行符
  (编译源文件“ui/lc_actiongroupmanager.cpp”)
  
D:\DM\LibreCAD-2.4(YitiJi)\librecad\src\OCRdemo\SerialManager.h(9,10): warning C4067: 预处理器指令后有意外标记 - 应输入换行符
  (编译源文件“main/main.cpp”)
  
D:\software\vcpkg-master\installed\x64-windows\include\iconv.h(1,1): warning C4819: 该文件包含不能在当前代码页(936)中表示的字符。请将该文件保存为 Unicode 格式以防止数据丢失
  (编译源文件“ui/qg_layerwidget.cpp”)
  
D:\DM\LibreCAD-2.4(YitiJi)\librecad\src\OCRdemo\SerialManager.h(9,10): warning C4067: 预处理器指令后有意外标记 - 应输入换行符
  (编译源文件“test/lc_simpletests.cpp”)
  
D:\DM\LibreCAD-2.4(YitiJi)\librecad\src\OCRdemo\SerialManager.h(9,10): warning C4067: 预处理器指令后有意外标记 - 应输入换行符
  (编译源文件“actions/rs_actionblockssave.cpp”)
  
D:\DM\LibreCAD-2.4(YitiJi)\librecad\src\OCRdemo\SerialManager.h(9,10): warning C4067: 预处理器指令后有意外标记 - 应输入换行符
  (编译源文件“ui/lc_actionfactory.cpp”)
  
D:\DM\LibreCAD-2.4(YitiJi)\librecad\src\OCRdemo\SerialManager.h(9,10): warning C4067: 预处理器指令后有意外标记 - 应输入换行符
  (编译源文件“ui/qg_layerwidget.cpp”)
  
D:\DM\LibreCAD-2.4(YitiJi)\librecad\src\main\qc_applicationwindow.h(754,33): warning C4267: “初始化”: 从“size_t”转换到“int”，可能丢失数据
  (编译源文件“actions/rs_actionblocksattributes.cpp”)
  
D:\DM\LibreCAD-2.4(YitiJi)\librecad\src\main\qc_applicationwindow.h(758,53): warning C4267: “+=”: 从“size_t”转换到“int”，可能丢失数据
  (编译源文件“actions/rs_actionblocksattributes.cpp”)
  
D:\DM\LibreCAD-2.4(YitiJi)\librecad\src\main\qc_applicationwindow.h(889,17): warning C4189: “width_E”: 局部变量已初始化但不引用
  (编译源文件“actions/rs_actionblocksattributes.cpp”)
  
D:\DM\LibreCAD-2.4(YitiJi)\librecad\src\main\qc_applicationwindow.h(732,29): warning C4189: “graphicView”: 局部变量已初始化但不引用
  (编译源文件“actions/rs_actionblocksattributes.cpp”)
  
D:\DM\LibreCAD-2.4(YitiJi)\librecad\src\main\qc_applicationwindow.h(900,17): warning C4189: “ii”: 局部变量已初始化但不引用
  (编译源文件“actions/rs_actionblocksattributes.cpp”)
  
D:\DM\LibreCAD-2.4(YitiJi)\librecad\src\main\qc_applicationwindow.h(754,21): warning C4189: “entityCount”: 局部变量已初始化但不引用
  (编译源文件“actions/rs_actionblocksattributes.cpp”)
  
D:\DM\LibreCAD-2.4(YitiJi)\librecad\src\main\qc_applicationwindow.h(901,35): warning C4189: “v”: 局部变量已初始化但不引用
  (编译源文件“actions/rs_actionblocksattributes.cpp”)
  
D:\DM\LibreCAD-2.4(YitiJi)\librecad\src\main\qc_applicationwindow.h(1034,33): warning C4838: 从“double”转换到“int”需要收缩转换
  (编译源文件“actions/rs_actionblocksattributes.cpp”)
  
D:\DM\LibreCAD-2.4(YitiJi)\librecad\src\main\qc_applicationwindow.h(1034,46): warning C4838: 从“double”转换到“int”需要收缩转换
  (编译源文件“actions/rs_actionblocksattributes.cpp”)
  
D:\DM\LibreCAD-2.4(YitiJi)\librecad\src\main\qc_applicationwindow.h(1034,65): warning C4838: 从“double”转换到“int”需要收缩转换
  (编译源文件“actions/rs_actionblocksattributes.cpp”)
  
D:\DM\LibreCAD-2.4(YitiJi)\librecad\src\main\qc_applicationwindow.h(1035,33): warning C4838: 从“double”转换到“int”需要收缩转换
  (编译源文件“actions/rs_actionblocksattributes.cpp”)
  
D:\DM\LibreCAD-2.4(YitiJi)\librecad\src\main\qc_applicationwindow.h(1035,46): warning C4838: 从“double”转换到“int”需要收缩转换
  (编译源文件“actions/rs_actionblocksattributes.cpp”)
  
D:\DM\LibreCAD-2.4(YitiJi)\librecad\src\main\qc_applicationwindow.h(1035,65): warning C4838: 从“double”转换到“int”需要收缩转换
  (编译源文件“actions/rs_actionblocksattributes.cpp”)
  
D:\DM\LibreCAD-2.4(YitiJi)\librecad\src\main\qc_applicationwindow.h(754,33): warning C4267: “初始化”: 从“size_t”转换到“int”，可能丢失数据
  (编译源文件“main/qc_applicationwindow.cpp”)
  
D:\DM\LibreCAD-2.4(YitiJi)\librecad\src\main\qc_applicationwindow.h(758,53): warning C4267: “+=”: 从“size_t”转换到“int”，可能丢失数据
  (编译源文件“main/qc_applicationwindow.cpp”)
  
D:\DM\LibreCAD-2.4(YitiJi)\librecad\src\main\qc_applicationwindow.h(889,17): warning C4189: “width_E”: 局部变量已初始化但不引用
  (编译源文件“main/qc_applicationwindow.cpp”)
  
D:\DM\LibreCAD-2.4(YitiJi)\librecad\src\main\qc_applicationwindow.h(732,29): warning C4189: “graphicView”: 局部变量已初始化但不引用
  (编译源文件“main/qc_applicationwindow.cpp”)
  
D:\DM\LibreCAD-2.4(YitiJi)\librecad\src\main\qc_applicationwindow.h(900,17): warning C4189: “ii”: 局部变量已初始化但不引用
  (编译源文件“main/qc_applicationwindow.cpp”)
  
D:\DM\LibreCAD-2.4(YitiJi)\librecad\src\main\qc_applicationwindow.h(754,21): warning C4189: “entityCount”: 局部变量已初始化但不引用
  (编译源文件“main/qc_applicationwindow.cpp”)
  
D:\DM\LibreCAD-2.4(YitiJi)\librecad\src\main\qc_applicationwindow.h(901,35): warning C4189: “v”: 局部变量已初始化但不引用
  (编译源文件“main/qc_applicationwindow.cpp”)
  
D:\DM\LibreCAD-2.4(YitiJi)\librecad\src\main\qc_applicationwindow.h(1034,33): warning C4838: 从“double”转换到“int”需要收缩转换
  (编译源文件“main/qc_applicationwindow.cpp”)
  
D:\DM\LibreCAD-2.4(YitiJi)\librecad\src\main\qc_applicationwindow.h(1034,46): warning C4838: 从“double”转换到“int”需要收缩转换
  (编译源文件“main/qc_applicationwindow.cpp”)
  
D:\DM\LibreCAD-2.4(YitiJi)\librecad\src\main\qc_applicationwindow.h(1034,65): warning C4838: 从“double”转换到“int”需要收缩转换
  (编译源文件“main/qc_applicationwindow.cpp”)
  
D:\DM\LibreCAD-2.4(YitiJi)\librecad\src\main\qc_applicationwindow.h(1035,33): warning C4838: 从“double”转换到“int”需要收缩转换
  (编译源文件“main/qc_applicationwindow.cpp”)
  
D:\DM\LibreCAD-2.4(YitiJi)\librecad\src\main\qc_applicationwindow.h(1035,46): warning C4838: 从“double”转换到“int”需要收缩转换
  (编译源文件“main/qc_applicationwindow.cpp”)
  
D:\DM\LibreCAD-2.4(YitiJi)\librecad\src\main\qc_applicationwindow.h(1035,65): warning C4838: 从“double”转换到“int”需要收缩转换
  (编译源文件“main/qc_applicationwindow.cpp”)
  
D:\DM\LibreCAD-2.4(YitiJi)\librecad\src\main\qc_applicationwindow.h(754,33): warning C4267: “初始化”: 从“size_t”转换到“int”，可能丢失数据
  (编译源文件“ui/lc_widgetfactory.cpp”)
  
D:\DM\LibreCAD-2.4(YitiJi)\librecad\src\main\qc_applicationwindow.h(758,53): warning C4267: “+=”: 从“size_t”转换到“int”，可能丢失数据
  (编译源文件“ui/lc_widgetfactory.cpp”)
  
D:\DM\LibreCAD-2.4(YitiJi)\librecad\src\main\qc_applicationwindow.h(889,17): warning C4189: “width_E”: 局部变量已初始化但不引用
  (编译源文件“ui/lc_widgetfactory.cpp”)
  
D:\DM\LibreCAD-2.4(YitiJi)\librecad\src\main\qc_applicationwindow.h(732,29): warning C4189: “graphicView”: 局部变量已初始化但不引用
  (编译源文件“ui/lc_widgetfactory.cpp”)
  
D:\DM\LibreCAD-2.4(YitiJi)\librecad\src\main\qc_applicationwindow.h(900,17): warning C4189: “ii”: 局部变量已初始化但不引用
  (编译源文件“ui/lc_widgetfactory.cpp”)
  
D:\DM\LibreCAD-2.4(YitiJi)\librecad\src\main\qc_applicationwindow.h(754,21): warning C4189: “entityCount”: 局部变量已初始化但不引用
  (编译源文件“ui/lc_widgetfactory.cpp”)
  
D:\DM\LibreCAD-2.4(YitiJi)\librecad\src\main\qc_applicationwindow.h(901,35): warning C4189: “v”: 局部变量已初始化但不引用
  (编译源文件“ui/lc_widgetfactory.cpp”)
  
D:\DM\LibreCAD-2.4(YitiJi)\librecad\src\main\qc_applicationwindow.h(1034,33): warning C4838: 从“double”转换到“int”需要收缩转换
  (编译源文件“ui/lc_widgetfactory.cpp”)
  
D:\DM\LibreCAD-2.4(YitiJi)\librecad\src\main\qc_applicationwindow.h(1034,46): warning C4838: 从“double”转换到“int”需要收缩转换
  (编译源文件“ui/lc_widgetfactory.cpp”)
  
D:\DM\LibreCAD-2.4(YitiJi)\librecad\src\main\qc_applicationwindow.h(1034,65): warning C4838: 从“double”转换到“int”需要收缩转换
  (编译源文件“ui/lc_widgetfactory.cpp”)
  
D:\DM\LibreCAD-2.4(YitiJi)\librecad\src\main\qc_applicationwindow.h(1035,33): warning C4838: 从“double”转换到“int”需要收缩转换
  (编译源文件“ui/lc_widgetfactory.cpp”)
  
D:\DM\LibreCAD-2.4(YitiJi)\librecad\src\main\qc_applicationwindow.h(1035,46): warning C4838: 从“double”转换到“int”需要收缩转换
  (编译源文件“ui/lc_widgetfactory.cpp”)
  
D:\DM\LibreCAD-2.4(YitiJi)\librecad\src\main\qc_applicationwindow.h(1035,65): warning C4838: 从“double”转换到“int”需要收缩转换
  (编译源文件“ui/lc_widgetfactory.cpp”)
  
D:\DM\LibreCAD-2.4(YitiJi)\librecad\src\main\qc_applicationwindow.h(754,33): warning C4267: “初始化”: 从“size_t”转换到“int”，可能丢失数据
  (编译源文件“lib/engine/rs_undo.cpp”)
  
D:\DM\LibreCAD-2.4(YitiJi)\librecad\src\main\qc_applicationwindow.h(758,53): warning C4267: “+=”: 从“size_t”转换到“int”，可能丢失数据
  (编译源文件“lib/engine/rs_undo.cpp”)
  
D:\DM\LibreCAD-2.4(YitiJi)\librecad\src\main\qc_applicationwindow.h(889,17): warning C4189: “width_E”: 局部变量已初始化但不引用
  (编译源文件“lib/engine/rs_undo.cpp”)
  
D:\DM\LibreCAD-2.4(YitiJi)\librecad\src\main\qc_applicationwindow.h(732,29): warning C4189: “graphicView”: 局部变量已初始化但不引用
  (编译源文件“lib/engine/rs_undo.cpp”)
  
D:\DM\LibreCAD-2.4(YitiJi)\librecad\src\main\qc_applicationwindow.h(900,17): warning C4189: “ii”: 局部变量已初始化但不引用
  (编译源文件“lib/engine/rs_undo.cpp”)
  
D:\DM\LibreCAD-2.4(YitiJi)\librecad\src\main\qc_applicationwindow.h(754,21): warning C4189: “entityCount”: 局部变量已初始化但不引用
  (编译源文件“lib/engine/rs_undo.cpp”)
  
D:\DM\LibreCAD-2.4(YitiJi)\librecad\src\main\qc_applicationwindow.h(901,35): warning C4189: “v”: 局部变量已初始化但不引用
  (编译源文件“lib/engine/rs_undo.cpp”)
  
D:\DM\LibreCAD-2.4(YitiJi)\librecad\src\main\qc_applicationwindow.h(1034,33): warning C4838: 从“double”转换到“int”需要收缩转换
  (编译源文件“lib/engine/rs_undo.cpp”)
  
D:\DM\LibreCAD-2.4(YitiJi)\librecad\src\main\qc_applicationwindow.h(1034,46): warning C4838: 从“double”转换到“int”需要收缩转换
  (编译源文件“lib/engine/rs_undo.cpp”)
  
D:\DM\LibreCAD-2.4(YitiJi)\librecad\src\main\qc_applicationwindow.h(1034,65): warning C4838: 从“double”转换到“int”需要收缩转换
  (编译源文件“lib/engine/rs_undo.cpp”)
  
D:\DM\LibreCAD-2.4(YitiJi)\librecad\src\main\qc_applicationwindow.h(1035,33): warning C4838: 从“double”转换到“int”需要收缩转换
  (编译源文件“lib/engine/rs_undo.cpp”)
  
D:\DM\LibreCAD-2.4(YitiJi)\librecad\src\main\qc_applicationwindow.h(1035,46): warning C4838: 从“double”转换到“int”需要收缩转换
  (编译源文件“lib/engine/rs_undo.cpp”)
  
D:\DM\LibreCAD-2.4(YitiJi)\librecad\src\main\qc_applicationwindow.h(1035,65): warning C4838: 从“double”转换到“int”需要收缩转换
  (编译源文件“lib/engine/rs_undo.cpp”)
  
D:\DM\LibreCAD-2.4(YitiJi)\librecad\src\main\qc_applicationwindow.h(754,33): warning C4267: “初始化”: 从“size_t”转换到“int”，可能丢失数据
  (编译源文件“main/main.cpp”)
  
D:\DM\LibreCAD-2.4(YitiJi)\librecad\src\main\qc_applicationwindow.h(758,53): warning C4267: “+=”: 从“size_t”转换到“int”，可能丢失数据
  (编译源文件“main/main.cpp”)
  
D:\DM\LibreCAD-2.4(YitiJi)\librecad\src\main\qc_applicationwindow.h(754,33): warning C4267: “初始化”: 从“size_t”转换到“int”，可能丢失数据
  (编译源文件“ui/lc_actiongroupmanager.cpp”)
  
D:\DM\LibreCAD-2.4(YitiJi)\librecad\src\main\qc_applicationwindow.h(758,53): warning C4267: “+=”: 从“size_t”转换到“int”，可能丢失数据
  (编译源文件“ui/lc_actiongroupmanager.cpp”)
  
D:\DM\LibreCAD-2.4(YitiJi)\librecad\src\main\qc_applicationwindow.h(889,17): warning C4189: “width_E”: 局部变量已初始化但不引用
  (编译源文件“main/main.cpp”)
  
D:\DM\LibreCAD-2.4(YitiJi)\librecad\src\main\qc_applicationwindow.h(732,29): warning C4189: “graphicView”: 局部变量已初始化但不引用
  (编译源文件“main/main.cpp”)
  
D:\DM\LibreCAD-2.4(YitiJi)\librecad\src\main\qc_applicationwindow.h(900,17): warning C4189: “ii”: 局部变量已初始化但不引用
  (编译源文件“main/main.cpp”)
  
D:\DM\LibreCAD-2.4(YitiJi)\librecad\src\main\qc_applicationwindow.h(754,21): warning C4189: “entityCount”: 局部变量已初始化但不引用
  (编译源文件“main/main.cpp”)
  
D:\DM\LibreCAD-2.4(YitiJi)\librecad\src\main\qc_applicationwindow.h(901,35): warning C4189: “v”: 局部变量已初始化但不引用
  (编译源文件“main/main.cpp”)
  
D:\DM\LibreCAD-2.4(YitiJi)\librecad\src\main\qc_applicationwindow.h(1034,33): warning C4838: 从“double”转换到“int”需要收缩转换
  (编译源文件“main/main.cpp”)
  
D:\DM\LibreCAD-2.4(YitiJi)\librecad\src\main\qc_applicationwindow.h(1034,46): warning C4838: 从“double”转换到“int”需要收缩转换
  (编译源文件“main/main.cpp”)
  
D:\DM\LibreCAD-2.4(YitiJi)\librecad\src\main\qc_applicationwindow.h(1034,65): warning C4838: 从“double”转换到“int”需要收缩转换
  (编译源文件“main/main.cpp”)
  
D:\DM\LibreCAD-2.4(YitiJi)\librecad\src\main\qc_applicationwindow.h(1035,33): warning C4838: 从“double”转换到“int”需要收缩转换
  (编译源文件“main/main.cpp”)
  
D:\DM\LibreCAD-2.4(YitiJi)\librecad\src\main\qc_applicationwindow.h(1035,46): warning C4838: 从“double”转换到“int”需要收缩转换
  (编译源文件“main/main.cpp”)
  
D:\DM\LibreCAD-2.4(YitiJi)\librecad\src\main\qc_applicationwindow.h(1035,65): warning C4838: 从“double”转换到“int”需要收缩转换
  (编译源文件“main/main.cpp”)
  
D:\DM\LibreCAD-2.4(YitiJi)\librecad\src\main\qc_applicationwindow.h(889,17): warning C4189: “width_E”: 局部变量已初始化但不引用
  (编译源文件“ui/lc_actiongroupmanager.cpp”)
  
D:\DM\LibreCAD-2.4(YitiJi)\librecad\src\main\qc_applicationwindow.h(732,29): warning C4189: “graphicView”: 局部变量已初始化但不引用
  (编译源文件“ui/lc_actiongroupmanager.cpp”)
  
D:\DM\LibreCAD-2.4(YitiJi)\librecad\src\main\qc_applicationwindow.h(900,17): warning C4189: “ii”: 局部变量已初始化但不引用
  (编译源文件“ui/lc_actiongroupmanager.cpp”)
  
D:\DM\LibreCAD-2.4(YitiJi)\librecad\src\main\qc_applicationwindow.h(754,21): warning C4189: “entityCount”: 局部变量已初始化但不引用
  (编译源文件“ui/lc_actiongroupmanager.cpp”)
  
D:\DM\LibreCAD-2.4(YitiJi)\librecad\src\main\qc_applicationwindow.h(901,35): warning C4189: “v”: 局部变量已初始化但不引用
  (编译源文件“ui/lc_actiongroupmanager.cpp”)
  
D:\DM\LibreCAD-2.4(YitiJi)\librecad\src\main\qc_applicationwindow.h(1034,33): warning C4838: 从“double”转换到“int”需要收缩转换
  (编译源文件“ui/lc_actiongroupmanager.cpp”)
  
D:\DM\LibreCAD-2.4(YitiJi)\librecad\src\main\qc_applicationwindow.h(1034,46): warning C4838: 从“double”转换到“int”需要收缩转换
  (编译源文件“ui/lc_actiongroupmanager.cpp”)
  
D:\DM\LibreCAD-2.4(YitiJi)\librecad\src\main\qc_applicationwindow.h(1034,65): warning C4838: 从“double”转换到“int”需要收缩转换
  (编译源文件“ui/lc_actiongroupmanager.cpp”)
  
D:\DM\LibreCAD-2.4(YitiJi)\librecad\src\main\qc_applicationwindow.h(1035,33): warning C4838: 从“double”转换到“int”需要收缩转换
  (编译源文件“ui/lc_actiongroupmanager.cpp”)
  
D:\DM\LibreCAD-2.4(YitiJi)\librecad\src\main\qc_applicationwindow.h(1035,46): warning C4838: 从“double”转换到“int”需要收缩转换
  (编译源文件“ui/lc_actiongroupmanager.cpp”)
  
D:\DM\LibreCAD-2.4(YitiJi)\librecad\src\main\qc_applicationwindow.h(1035,65): warning C4838: 从“double”转换到“int”需要收缩转换
  (编译源文件“ui/lc_actiongroupmanager.cpp”)
  
D:\DM\LibreCAD-2.4(YitiJi)\librecad\src\lib\engine\rs_undo.cpp(51,29): warning C4267: “return”: 从“size_t”转换到“int”，可能丢失数据
D:\DM\LibreCAD-2.4(YitiJi)\librecad\src\main\qc_applicationwindow.h(754,33): warning C4267: “初始化”: 从“size_t”转换到“int”，可能丢失数据
  (编译源文件“main/qc_dialogfactory.cpp”)
  
D:\DM\LibreCAD-2.4(YitiJi)\librecad\src\main\qc_applicationwindow.h(758,53): warning C4267: “+=”: 从“size_t”转换到“int”，可能丢失数据
  (编译源文件“main/qc_dialogfactory.cpp”)
  
D:\DM\LibreCAD-2.4(YitiJi)\librecad\src\main\qc_applicationwindow.h(754,33): warning C4267: “初始化”: 从“size_t”转换到“int”，可能丢失数据
  (编译源文件“ui/lc_actionfactory.cpp”)
  
D:\DM\LibreCAD-2.4(YitiJi)\librecad\src\main\qc_applicationwindow.h(758,53): warning C4267: “+=”: 从“size_t”转换到“int”，可能丢失数据
  (编译源文件“ui/lc_actionfactory.cpp”)
  
D:\DM\LibreCAD-2.4(YitiJi)\librecad\src\main\qc_applicationwindow.h(889,17): warning C4189: “width_E”: 局部变量已初始化但不引用
  (编译源文件“ui/lc_actionfactory.cpp”)
  
D:\DM\LibreCAD-2.4(YitiJi)\librecad\src\main\qc_applicationwindow.h(732,29): warning C4189: “graphicView”: 局部变量已初始化但不引用
  (编译源文件“ui/lc_actionfactory.cpp”)
  
D:\DM\LibreCAD-2.4(YitiJi)\librecad\src\main\qc_applicationwindow.h(900,17): warning C4189: “ii”: 局部变量已初始化但不引用
  (编译源文件“ui/lc_actionfactory.cpp”)
  
D:\DM\LibreCAD-2.4(YitiJi)\librecad\src\main\qc_applicationwindow.h(754,21): warning C4189: “entityCount”: 局部变量已初始化但不引用
  (编译源文件“ui/lc_actionfactory.cpp”)
  
D:\DM\LibreCAD-2.4(YitiJi)\librecad\src\main\qc_applicationwindow.h(901,35): warning C4189: “v”: 局部变量已初始化但不引用
  (编译源文件“ui/lc_actionfactory.cpp”)
  
D:\DM\LibreCAD-2.4(YitiJi)\librecad\src\main\qc_applicationwindow.h(1034,33): warning C4838: 从“double”转换到“int”需要收缩转换
  (编译源文件“ui/lc_actionfactory.cpp”)
  
D:\DM\LibreCAD-2.4(YitiJi)\librecad\src\main\qc_applicationwindow.h(1034,46): warning C4838: 从“double”转换到“int”需要收缩转换
  (编译源文件“ui/lc_actionfactory.cpp”)
  
D:\DM\LibreCAD-2.4(YitiJi)\librecad\src\main\qc_applicationwindow.h(889,17): warning C4189: “width_E”: 局部变量已初始化但不引用
  (编译源文件“main/qc_dialogfactory.cpp”)
  
D:\DM\LibreCAD-2.4(YitiJi)\librecad\src\main\qc_applicationwindow.h(1034,65): warning C4838: 从“double”转换到“int”需要收缩转换
  (编译源文件“ui/lc_actionfactory.cpp”)
  
D:\DM\LibreCAD-2.4(YitiJi)\librecad\src\main\qc_applicationwindow.h(732,29): warning C4189: “graphicView”: 局部变量已初始化但不引用
  (编译源文件“main/qc_dialogfactory.cpp”)
  
D:\DM\LibreCAD-2.4(YitiJi)\librecad\src\main\qc_applicationwindow.h(900,17): warning C4189: “ii”: 局部变量已初始化但不引用
  (编译源文件“main/qc_dialogfactory.cpp”)
  
D:\DM\LibreCAD-2.4(YitiJi)\librecad\src\main\qc_applicationwindow.h(1035,33): warning C4838: 从“double”转换到“int”需要收缩转换
  (编译源文件“ui/lc_actionfactory.cpp”)
  
D:\DM\LibreCAD-2.4(YitiJi)\librecad\src\main\qc_applicationwindow.h(1035,46): warning C4838: 从“double”转换到“int”需要收缩转换
  (编译源文件“ui/lc_actionfactory.cpp”)
  
D:\DM\LibreCAD-2.4(YitiJi)\librecad\src\main\qc_applicationwindow.h(754,21): warning C4189: “entityCount”: 局部变量已初始化但不引用
  (编译源文件“main/qc_dialogfactory.cpp”)
  
D:\DM\LibreCAD-2.4(YitiJi)\librecad\src\main\qc_applicationwindow.h(1035,65): warning C4838: 从“double”转换到“int”需要收缩转换
  (编译源文件“ui/lc_actionfactory.cpp”)
  
D:\DM\LibreCAD-2.4(YitiJi)\librecad\src\main\qc_applicationwindow.h(901,35): warning C4189: “v”: 局部变量已初始化但不引用
  (编译源文件“main/qc_dialogfactory.cpp”)
  
D:\DM\LibreCAD-2.4(YitiJi)\librecad\src\main\qc_applicationwindow.h(1034,33): warning C4838: 从“double”转换到“int”需要收缩转换
  (编译源文件“main/qc_dialogfactory.cpp”)
  
D:\DM\LibreCAD-2.4(YitiJi)\librecad\src\main\qc_applicationwindow.h(1034,46): warning C4838: 从“double”转换到“int”需要收缩转换
  (编译源文件“main/qc_dialogfactory.cpp”)
  
D:\DM\LibreCAD-2.4(YitiJi)\librecad\src\main\qc_applicationwindow.h(1034,65): warning C4838: 从“double”转换到“int”需要收缩转换
  (编译源文件“main/qc_dialogfactory.cpp”)
  
D:\DM\LibreCAD-2.4(YitiJi)\librecad\src\main\qc_applicationwindow.h(1035,33): warning C4838: 从“double”转换到“int”需要收缩转换
  (编译源文件“main/qc_dialogfactory.cpp”)
  
D:\DM\LibreCAD-2.4(YitiJi)\librecad\src\main\qc_applicationwindow.h(1035,46): warning C4838: 从“double”转换到“int”需要收缩转换
  (编译源文件“main/qc_dialogfactory.cpp”)
  
D:\DM\LibreCAD-2.4(YitiJi)\librecad\src\main\qc_applicationwindow.h(1035,65): warning C4838: 从“double”转换到“int”需要收缩转换
  (编译源文件“main/qc_dialogfactory.cpp”)
  
D:\DM\LibreCAD-2.4(YitiJi)\librecad\src\main\qc_applicationwindow.h(754,33): warning C4267: “初始化”: 从“size_t”转换到“int”，可能丢失数据
  (编译源文件“actions/rs_actionblockssave.cpp”)
  
D:\DM\LibreCAD-2.4(YitiJi)\librecad\src\main\qc_applicationwindow.h(758,53): warning C4267: “+=”: 从“size_t”转换到“int”，可能丢失数据
  (编译源文件“actions/rs_actionblockssave.cpp”)
  
D:\DM\LibreCAD-2.4(YitiJi)\librecad\src\main\qc_applicationwindow.h(754,33): warning C4267: “初始化”: 从“size_t”转换到“int”，可能丢失数据
  (编译源文件“test/lc_simpletests.cpp”)
  
D:\DM\LibreCAD-2.4(YitiJi)\librecad\src\main\qc_applicationwindow.h(758,53): warning C4267: “+=”: 从“size_t”转换到“int”，可能丢失数据
  (编译源文件“test/lc_simpletests.cpp”)
  
D:\DM\LibreCAD-2.4(YitiJi)\librecad\src\main\qc_applicationwindow.h(889,17): warning C4189: “width_E”: 局部变量已初始化但不引用
  (编译源文件“actions/rs_actionblockssave.cpp”)
  
D:\DM\LibreCAD-2.4(YitiJi)\librecad\src\main\qc_applicationwindow.h(732,29): warning C4189: “graphicView”: 局部变量已初始化但不引用
  (编译源文件“actions/rs_actionblockssave.cpp”)
  
D:\DM\LibreCAD-2.4(YitiJi)\librecad\src\main\qc_applicationwindow.h(900,17): warning C4189: “ii”: 局部变量已初始化但不引用
  (编译源文件“actions/rs_actionblockssave.cpp”)
  
D:\DM\LibreCAD-2.4(YitiJi)\librecad\src\main\qc_applicationwindow.h(754,21): warning C4189: “entityCount”: 局部变量已初始化但不引用
  (编译源文件“actions/rs_actionblockssave.cpp”)
  
D:\DM\LibreCAD-2.4(YitiJi)\librecad\src\main\qc_applicationwindow.h(901,35): warning C4189: “v”: 局部变量已初始化但不引用
  (编译源文件“actions/rs_actionblockssave.cpp”)
  
D:\DM\LibreCAD-2.4(YitiJi)\librecad\src\main\qc_applicationwindow.h(1034,33): warning C4838: 从“double”转换到“int”需要收缩转换
  (编译源文件“actions/rs_actionblockssave.cpp”)
  
D:\DM\LibreCAD-2.4(YitiJi)\librecad\src\main\qc_applicationwindow.h(1034,46): warning C4838: 从“double”转换到“int”需要收缩转换
  (编译源文件“actions/rs_actionblockssave.cpp”)
  
D:\DM\LibreCAD-2.4(YitiJi)\librecad\src\main\qc_applicationwindow.h(1034,65): warning C4838: 从“double”转换到“int”需要收缩转换
  (编译源文件“actions/rs_actionblockssave.cpp”)
  
D:\DM\LibreCAD-2.4(YitiJi)\librecad\src\main\qc_applicationwindow.h(1035,33): warning C4838: 从“double”转换到“int”需要收缩转换
  (编译源文件“actions/rs_actionblockssave.cpp”)
  
D:\DM\LibreCAD-2.4(YitiJi)\librecad\src\main\qc_applicationwindow.h(1035,46): warning C4838: 从“double”转换到“int”需要收缩转换
  (编译源文件“actions/rs_actionblockssave.cpp”)
  
D:\DM\LibreCAD-2.4(YitiJi)\librecad\src\main\qc_applicationwindow.h(1035,65): warning C4838: 从“double”转换到“int”需要收缩转换
  (编译源文件“actions/rs_actionblockssave.cpp”)
  
D:\software\eigen-3.4.0\eigen-3.4.0\Eigen\src\Core\arch\Default\Half.h(1,1): warning C4819: 该文件包含不能在当前代码页(936)中表示的字符。请将该文件保存为 Unicode 格式以防止数据丢失
  (编译源文件“main/main.cpp”)
  
D:\DM\LibreCAD-2.4(YitiJi)\librecad\src\main\qc_applicationwindow.h(889,17): warning C4189: “width_E”: 局部变量已初始化但不引用
  (编译源文件“test/lc_simpletests.cpp”)
  
D:\DM\LibreCAD-2.4(YitiJi)\librecad\src\main\qc_applicationwindow.h(732,29): warning C4189: “graphicView”: 局部变量已初始化但不引用
  (编译源文件“test/lc_simpletests.cpp”)
  
D:\DM\LibreCAD-2.4(YitiJi)\librecad\src\main\qc_applicationwindow.h(900,17): warning C4189: “ii”: 局部变量已初始化但不引用
  (编译源文件“test/lc_simpletests.cpp”)
  
D:\DM\LibreCAD-2.4(YitiJi)\librecad\src\main\qc_applicationwindow.h(754,21): warning C4189: “entityCount”: 局部变量已初始化但不引用
  (编译源文件“test/lc_simpletests.cpp”)
  
D:\DM\LibreCAD-2.4(YitiJi)\librecad\src\main\qc_applicationwindow.h(901,35): warning C4189: “v”: 局部变量已初始化但不引用
  (编译源文件“test/lc_simpletests.cpp”)
  
D:\DM\LibreCAD-2.4(YitiJi)\librecad\src\main\qc_applicationwindow.h(1034,33): warning C4838: 从“double”转换到“int”需要收缩转换
  (编译源文件“test/lc_simpletests.cpp”)
  
D:\DM\LibreCAD-2.4(YitiJi)\librecad\src\main\qc_applicationwindow.h(1034,46): warning C4838: 从“double”转换到“int”需要收缩转换
  (编译源文件“test/lc_simpletests.cpp”)
  
D:\DM\LibreCAD-2.4(YitiJi)\librecad\src\main\qc_applicationwindow.h(1034,65): warning C4838: 从“double”转换到“int”需要收缩转换
  (编译源文件“test/lc_simpletests.cpp”)
  
D:\DM\LibreCAD-2.4(YitiJi)\librecad\src\main\qc_applicationwindow.h(1035,33): warning C4838: 从“double”转换到“int”需要收缩转换
  (编译源文件“test/lc_simpletests.cpp”)
  
D:\DM\LibreCAD-2.4(YitiJi)\librecad\src\main\qc_applicationwindow.h(1035,46): warning C4838: 从“double”转换到“int”需要收缩转换
  (编译源文件“test/lc_simpletests.cpp”)
  
D:\software\eigen-3.4.0\eigen-3.4.0\Eigen\src\Core\arch\Default\BFloat16.h(1,1): warning C4819: 该文件包含不能在当前代码页(936)中表示的字符。请将该文件保存为 Unicode 格式以防止数据丢失
  (编译源文件“main/main.cpp”)
  
D:\DM\LibreCAD-2.4(YitiJi)\librecad\src\main\qc_applicationwindow.h(1035,65): warning C4838: 从“double”转换到“int”需要收缩转换
  (编译源文件“test/lc_simpletests.cpp”)
  
D:\DM\LibreCAD-2.4(YitiJi)\librecad\src\lib\engine\rs_ellipse.h(76,55): warning C4100: 'step': 未引用的参数
  (编译源文件“test/lc_simpletests.cpp”)
  
D:\DM\LibreCAD-2.4(YitiJi)\librecad\src\main\qc_applicationwindow.h(754,33): warning C4267: “初始化”: 从“size_t”转换到“int”，可能丢失数据
  (编译源文件“ui/qg_layerwidget.cpp”)
  
D:\DM\LibreCAD-2.4(YitiJi)\librecad\src\main\qc_applicationwindow.h(758,53): warning C4267: “+=”: 从“size_t”转换到“int”，可能丢失数据
  (编译源文件“ui/qg_layerwidget.cpp”)
  
D:\software\eigen-3.4.0\eigen-3.4.0\Eigen\src\Core\arch\Default\GenericPacketMathFunctions.h(676,1): warning C4819: 该文件包含不能在当前代码页(936)中表示的字符。请将该文件保存为 Unicode 格式以防止数据丢失
  (编译源文件“main/main.cpp”)
  
D:\DM\LibreCAD-2.4(YitiJi)\librecad\src\main\qc_applicationwindow.h(889,17): warning C4189: “width_E”: 局部变量已初始化但不引用
  (编译源文件“ui/qg_layerwidget.cpp”)
  
D:\DM\LibreCAD-2.4(YitiJi)\librecad\src\main\qc_applicationwindow.h(732,29): warning C4189: “graphicView”: 局部变量已初始化但不引用
  (编译源文件“ui/qg_layerwidget.cpp”)
  
D:\DM\LibreCAD-2.4(YitiJi)\librecad\src\main\qc_applicationwindow.h(900,17): warning C4189: “ii”: 局部变量已初始化但不引用
  (编译源文件“ui/qg_layerwidget.cpp”)
  
D:\DM\LibreCAD-2.4(YitiJi)\librecad\src\main\qc_applicationwindow.h(754,21): warning C4189: “entityCount”: 局部变量已初始化但不引用
  (编译源文件“ui/qg_layerwidget.cpp”)
  
D:\DM\LibreCAD-2.4(YitiJi)\librecad\src\main\qc_applicationwindow.h(901,35): warning C4189: “v”: 局部变量已初始化但不引用
  (编译源文件“ui/qg_layerwidget.cpp”)
  
D:\DM\LibreCAD-2.4(YitiJi)\librecad\src\main\qc_applicationwindow.h(1034,33): warning C4838: 从“double”转换到“int”需要收缩转换
  (编译源文件“ui/qg_layerwidget.cpp”)
  
D:\DM\LibreCAD-2.4(YitiJi)\librecad\src\main\qc_applicationwindow.h(1034,46): warning C4838: 从“double”转换到“int”需要收缩转换
  (编译源文件“ui/qg_layerwidget.cpp”)
  
D:\DM\LibreCAD-2.4(YitiJi)\librecad\src\main\qc_applicationwindow.h(1034,65): warning C4838: 从“double”转换到“int”需要收缩转换
  (编译源文件“ui/qg_layerwidget.cpp”)
  
D:\DM\LibreCAD-2.4(YitiJi)\librecad\src\main\qc_applicationwindow.h(1035,33): warning C4838: 从“double”转换到“int”需要收缩转换
  (编译源文件“ui/qg_layerwidget.cpp”)
  
D:\DM\LibreCAD-2.4(YitiJi)\librecad\src\main\qc_applicationwindow.h(1035,46): warning C4838: 从“double”转换到“int”需要收缩转换
  (编译源文件“ui/qg_layerwidget.cpp”)
  
D:\DM\LibreCAD-2.4(YitiJi)\librecad\src\main\qc_applicationwindow.h(1035,65): warning C4838: 从“double”转换到“int”需要收缩转换
  (编译源文件“ui/qg_layerwidget.cpp”)
  
D:\DM\LibreCAD-2.4(YitiJi)\librecad\src\main\qc_applicationwindow.cpp(129,98): warning C4100: 'pUserParam': 未引用的参数
D:\DM\LibreCAD-2.4(YitiJi)\librecad\src\main\qc_applicationwindow.cpp(154,69): warning C4100: 'pUserParam': 未引用的参数
D:\DM\LibreCAD-2.4(YitiJi)\librecad\src\main\qc_applicationwindow.cpp(1469,22): warning C4189: “document”: 局部变量已初始化但不引用
D:\DM\LibreCAD-2.4(YitiJi)\librecad\src\main\qc_applicationwindow.cpp(1620,52): warning C4100: 'ce': 未引用的参数
D:\DM\LibreCAD-2.4(YitiJi)\librecad\src\main\qc_applicationwindow.cpp(3612,46): warning C4100: 'toggle': 未引用的参数
D:\DM\LibreCAD-2.4(YitiJi)\librecad\src\main\qc_applicationwindow.cpp(4999,38): warning C4101: “e”: 未引用的局部变量
D:\DM\LibreCAD-2.4(YitiJi)\librecad\src\main\qc_applicationwindow.cpp(5254,87): warning C4267: “参数”: 从“size_t”转换到“int”，可能丢失数据
D:\DM\LibreCAD-2.4(YitiJi)\librecad\src\main\qc_applicationwindow.cpp(5274,87): warning C4267: “参数”: 从“size_t”转换到“int”，可能丢失数据
D:\DM\LibreCAD-2.4(YitiJi)\librecad\src\main\qc_applicationwindow.cpp(5738,14): warning C4189: “result1”: 局部变量已初始化但不引用
D:\DM\LibreCAD-2.4(YitiJi)\librecad\src\main\qc_applicationwindow.cpp(6256,9): warning C4189: “result”: 局部变量已初始化但不引用
D:\DM\LibreCAD-2.4(YitiJi)\librecad\src\main\qc_applicationwindow.cpp(7120,122): warning C4267: “参数”: 从“size_t”转换到“int”，可能丢失数据
D:\DM\LibreCAD-2.4(YitiJi)\librecad\src\main\qc_applicationwindow.cpp(7148,118): warning C4267: “参数”: 从“size_t”转换到“int”，可能丢失数据
D:\DM\LibreCAD-2.4(YitiJi)\librecad\src\main\qc_applicationwindow.cpp(7213,17): warning C4267: “参数”: 从“size_t”转换到“int”，可能丢失数据
D:\DM\LibreCAD-2.4(YitiJi)\librecad\src\main\qc_applicationwindow.cpp(5027,1): warning C4715: “QC_ApplicationWindow::SetROISimple”: 不是所有的控件路径都返回值
D:\DM\LibreCAD-2.4(YitiJi)\librecad\src\main\qc_applicationwindow.cpp(4897,1): warning C4715: “QC_ApplicationWindow::OpenCamer”: 不是所有的控件路径都返回值
  moc_OCRruning.cpp
  moc_Setting.cpp
  moc_qc_applicationwindow.cpp
D:\DM\LibreCAD-2.4(YitiJi)\librecad\src\lib\engine\rs.h(1,1): warning C4819: 该文件包含不能在当前代码页(936)中表示的字符。请将该文件保存为 Unicode 格式以防止数据丢失
  (编译源文件“../../generated/librecad/moc/moc_qc_applicationwindow.cpp”)
  
D:\DM\LibreCAD-2.4(YitiJi)\librecad\src\lib\engine\rs_polyline.h(38,69): warning C4100: 'step': 未引用的参数
  (编译源文件“../../generated/librecad/moc/moc_qc_applicationwindow.cpp”)
  
D:\DM\LibreCAD-2.4(YitiJi)\librecad\src\main\qc_applicationwindow.h(142,10): warning C4067: 预处理器指令后有意外标记 - 应输入换行符
  (编译源文件“../../generated/librecad/moc/moc_qc_applicationwindow.cpp”)
  
D:\DM\LibreCAD-2.4(YitiJi)\librecad\src\OCRdemo\GXBitmap.h(1,1): warning C4819: 该文件包含不能在当前代码页(936)中表示的字符。请将该文件保存为 Unicode 格式以防止数据丢失
  (编译源文件“../../generated/librecad/moc/moc_qc_applicationwindow.cpp”)
  
D:\software\vcpkg-master\installed\x64-windows\include\iconv.h(1,1): warning C4819: 该文件包含不能在当前代码页(936)中表示的字符。请将该文件保存为 Unicode 格式以防止数据丢失
  (编译源文件“../../generated/librecad/moc/moc_qc_applicationwindow.cpp”)
  
D:\DM\LibreCAD-2.4(YitiJi)\librecad\src\OCRdemo\SerialManager.h(9,10): warning C4067: 预处理器指令后有意外标记 - 应输入换行符
  (编译源文件“../../generated/librecad/moc/moc_qc_applicationwindow.cpp”)
  
D:\DM\LibreCAD-2.4(YitiJi)\librecad\src\main\qc_applicationwindow.h(754,33): warning C4267: “初始化”: 从“size_t”转换到“int”，可能丢失数据
  (编译源文件“../../generated/librecad/moc/moc_qc_applicationwindow.cpp”)
  
D:\DM\LibreCAD-2.4(YitiJi)\librecad\src\main\qc_applicationwindow.h(758,53): warning C4267: “+=”: 从“size_t”转换到“int”，可能丢失数据
  (编译源文件“../../generated/librecad/moc/moc_qc_applicationwindow.cpp”)
  
D:\DM\LibreCAD-2.4(YitiJi)\librecad\src\main\qc_applicationwindow.h(889,17): warning C4189: “width_E”: 局部变量已初始化但不引用
  (编译源文件“../../generated/librecad/moc/moc_qc_applicationwindow.cpp”)
  
D:\DM\LibreCAD-2.4(YitiJi)\librecad\src\main\qc_applicationwindow.h(732,29): warning C4189: “graphicView”: 局部变量已初始化但不引用
  (编译源文件“../../generated/librecad/moc/moc_qc_applicationwindow.cpp”)
  
D:\DM\LibreCAD-2.4(YitiJi)\librecad\src\main\qc_applicationwindow.h(900,17): warning C4189: “ii”: 局部变量已初始化但不引用
  (编译源文件“../../generated/librecad/moc/moc_qc_applicationwindow.cpp”)
  
D:\DM\LibreCAD-2.4(YitiJi)\librecad\src\main\qc_applicationwindow.h(754,21): warning C4189: “entityCount”: 局部变量已初始化但不引用
  (编译源文件“../../generated/librecad/moc/moc_qc_applicationwindow.cpp”)
  
D:\DM\LibreCAD-2.4(YitiJi)\librecad\src\main\qc_applicationwindow.h(901,35): warning C4189: “v”: 局部变量已初始化但不引用
  (编译源文件“../../generated/librecad/moc/moc_qc_applicationwindow.cpp”)
  
D:\DM\LibreCAD-2.4(YitiJi)\librecad\src\main\qc_applicationwindow.h(1034,33): warning C4838: 从“double”转换到“int”需要收缩转换
  (编译源文件“../../generated/librecad/moc/moc_qc_applicationwindow.cpp”)
  
D:\DM\LibreCAD-2.4(YitiJi)\librecad\src\main\qc_applicationwindow.h(1034,46): warning C4838: 从“double”转换到“int”需要收缩转换
  (编译源文件“../../generated/librecad/moc/moc_qc_applicationwindow.cpp”)
  
D:\DM\LibreCAD-2.4(YitiJi)\librecad\src\main\qc_applicationwindow.h(1034,65): warning C4838: 从“double”转换到“int”需要收缩转换
  (编译源文件“../../generated/librecad/moc/moc_qc_applicationwindow.cpp”)
  
D:\DM\LibreCAD-2.4(YitiJi)\librecad\src\main\qc_applicationwindow.h(1035,33): warning C4838: 从“double”转换到“int”需要收缩转换
  (编译源文件“../../generated/librecad/moc/moc_qc_applicationwindow.cpp”)
  
D:\DM\LibreCAD-2.4(YitiJi)\librecad\src\main\qc_applicationwindow.h(1035,46): warning C4838: 从“double”转换到“int”需要收缩转换
  (编译源文件“../../generated/librecad/moc/moc_qc_applicationwindow.cpp”)
  
D:\DM\LibreCAD-2.4(YitiJi)\librecad\src\main\qc_applicationwindow.h(1035,65): warning C4838: 从“double”转换到“int”需要收缩转换
  (编译源文件“../../generated/librecad/moc/moc_qc_applicationwindow.cpp”)
  
  LibreCAD.vcxproj -> D:\DM\LibreCAD-2.4(YitiJi)\windows\LibreCAD.exe
  'pwsh.exe' 不是内部或外部命令，也不是可运行的程序
  或批处理文件。
  ./../../scripts/postprocess-win.bat 2.2.0-undef
  " Copying fonts and patterns"
  librecad\support\patterns\angle.dxf
  librecad\support\patterns\ansi31.dxf
  librecad\support\patterns\ar-b816.dxf
  librecad\support\patterns\ar-b816c.dxf
  librecad\support\patterns\ar-b88.dxf
  librecad\support\patterns\ar-brelm.dxf
  librecad\support\patterns\ar-brstd.dxf
  librecad\support\patterns\ar-conc.dxf
  librecad\support\patterns\ar-hbone.dxf
  librecad\support\patterns\ar-parq1.dxf
  librecad\support\patterns\ar-roof.dxf
  librecad\support\patterns\ar-rshke.dxf
  librecad\support\patterns\arcs.dxf
  librecad\support\patterns\arcs_2.dxf
  librecad\support\patterns\box.dxf
  librecad\support\patterns\brick.dxf
  librecad\support\patterns\brstone.dxf
  librecad\support\patterns\clay.dxf
  librecad\support\patterns\concrete.dxf
  librecad\support\patterns\cross.dxf
  librecad\support\patterns\daemon.dxf
  librecad\support\patterns\dolmit.dxf
  librecad\support\patterns\earth.dxf
  librecad\support\patterns\escher.dxf
  librecad\support\patterns\flex.dxf
  librecad\support\patterns\gost_ceramics.dxf
  librecad\support\patterns\gost_concrete.dxf
  librecad\support\patterns\gost_ferroconcrete.dxf
  librecad\support\patterns\gost_ferroconcrete1.dxf
  librecad\support\patterns\gost_glass.dxf
  librecad\support\patterns\gost_glass1.dxf
  librecad\support\patterns\gost_ground.dxf
  librecad\support\patterns\gost_ground1.dxf
  librecad\support\patterns\gost_liquid.dxf
  librecad\support\patterns\gost_metal.dxf
  librecad\support\patterns\gost_non-metal.dxf
  librecad\support\patterns\gost_sand.dxf
  librecad\support\patterns\gost_stone.dxf
  librecad\support\patterns\gost_wood.dxf
  librecad\support\patterns\gost_wood1.dxf
  librecad\support\patterns\grass.dxf
  librecad\support\patterns\grass_b.dxf
  librecad\support\patterns\hex.dxf
  librecad\support\patterns\hexagon_a.dxf
  librecad\support\patterns\hexagon_b.dxf
  librecad\support\patterns\honeycomb.dxf
  librecad\support\patterns\hound.dxf
  librecad\support\patterns\iso03w100.dxf
  librecad\support\patterns\iso03w100a.dxf
  librecad\support\patterns\kerpele.dxf
  librecad\support\patterns\millstone.dxf
  librecad\support\patterns\misc01.dxf
  librecad\support\patterns\misc02.dxf
  librecad\support\patterns\misc03.dxf
  librecad\support\patterns\paisley.dxf
  librecad\support\patterns\pantagon_a.dxf
  librecad\support\patterns\pantagon_b.dxf
  librecad\support\patterns\plastic.dxf
  librecad\support\patterns\sacncr.dxf
  librecad\support\patterns\sand.dxf
  librecad\support\patterns\square.dxf
  librecad\support\patterns\triangle_a.dxf
  librecad\support\patterns\triangle_b.dxf
  已复制        63 个文件。
  librecad\support\fonts\msyh.lff
  librecad\support\fonts\output_up3.lff
  已复制         2 个文件。
  librecad\support\library\misc\#举报.dxf
  librecad\support\library\misc\a3.dxf
  librecad\support\library\misc\screw.dxf
  librecad\support\library\misc\t-part.dxf
  librecad\support\library\misc\tux.dxf
  已复制         5 个文件。
  librecad\support\library\templates\empty.dxf
  已复制         1 个文件。
  "Generating Translations"
  Updating 'D:/DM/LibreCAD-2.4(YitiJi)/librecad/src/../ts/librecad_ar.qm'...
      Generated 660 translation(s) (495 finished and 165 unfinished)
      Ignored 1722 untranslated source text(s)
  Updating 'D:/DM/LibreCAD-2.4(YitiJi)/librecad/src/../ts/librecad_ca.qm'...
      Generated 2107 translation(s) (1974 finished and 133 unfinished)
      Ignored 275 untranslated source text(s)
  Updating 'D:/DM/LibreCAD-2.4(YitiJi)/librecad/src/../ts/librecad_cs.qm'...
      Generated 1832 translation(s) (1416 finished and 416 unfinished)
      Ignored 550 untranslated source text(s)
  Updating 'D:/DM/LibreCAD-2.4(YitiJi)/librecad/src/../ts/librecad_en.qm'...
      Generated 4 translation(s) (4 finished and 0 unfinished)
      Ignored 2378 untranslated source text(s)
  Updating 'D:/DM/LibreCAD-2.4(YitiJi)/librecad/src/../ts/librecad_en_au.qm'...
      Generated 1522 translation(s) (893 finished and 629 unfinished)
      Ignored 856 untranslated source text(s)
  Updating 'D:/DM/LibreCAD-2.4(YitiJi)/librecad/src/../ts/librecad_da.qm'...
      Generated 1445 translation(s) (814 finished and 631 unfinished)
      Ignored 937 untranslated source text(s)
  Updating 'D:/DM/LibreCAD-2.4(YitiJi)/librecad/src/../ts/librecad_de.qm'...
      Generated 2192 translation(s) (2170 finished and 22 unfinished)
      Ignored 190 untranslated source text(s)
  Updating 'D:/DM/LibreCAD-2.4(YitiJi)/librecad/src/../ts/librecad_el.qm'...
      Generated 1910 translation(s) (1620 finished and 290 unfinished)
      Ignored 472 untranslated source text(s)
  Updating 'D:/DM/LibreCAD-2.4(YitiJi)/librecad/src/../ts/librecad_es.qm'...
      Generated 1863 translation(s) (1426 finished and 437 unfinished)
      Ignored 519 untranslated source text(s)
  Updating 'D:/DM/LibreCAD-2.4(YitiJi)/librecad/src/../ts/librecad_es_ar.qm'...
      Generated 1369 translation(s) (806 finished and 563 unfinished)
      Ignored 1013 untranslated source text(s)
  Updating 'D:/DM/LibreCAD-2.4(YitiJi)/librecad/src/../ts/librecad_es_bo.qm'...
      Generated 1361 translation(s) (816 finished and 545 unfinished)
      Ignored 845 untranslated source text(s)
  Updating 'D:/DM/LibreCAD-2.4(YitiJi)/librecad/src/../ts/librecad_es_cl.qm'...
      Generated 1361 translation(s) (816 finished and 545 unfinished)
      Ignored 845 untranslated source text(s)
  Updating 'D:/DM/LibreCAD-2.4(YitiJi)/librecad/src/../ts/librecad_es_co.qm'...
      Generated 1361 translation(s) (816 finished and 545 unfinished)
      Ignored 845 untranslated source text(s)
  Updating 'D:/DM/LibreCAD-2.4(YitiJi)/librecad/src/../ts/librecad_es_cr.qm'...
      Generated 1361 translation(s) (816 finished and 545 unfinished)
      Ignored 845 untranslated source text(s)
  Updating 'D:/DM/LibreCAD-2.4(YitiJi)/librecad/src/../ts/librecad_es_do.qm'...
      Generated 1361 translation(s) (816 finished and 545 unfinished)
      Ignored 845 untranslated source text(s)
  Updating 'D:/DM/LibreCAD-2.4(YitiJi)/librecad/src/../ts/librecad_es_ec.qm'...
      Generated 1361 translation(s) (816 finished and 545 unfinished)
      Ignored 845 untranslated source text(s)
  Updating 'D:/DM/LibreCAD-2.4(YitiJi)/librecad/src/../ts/librecad_es_gt.qm'...
      Generated 1361 translation(s) (816 finished and 545 unfinished)
      Ignored 845 untranslated source text(s)
  Updating 'D:/DM/LibreCAD-2.4(YitiJi)/librecad/src/../ts/librecad_es_hn.qm'...
      Generated 1361 translation(s) (816 finished and 545 unfinished)
      Ignored 845 untranslated source text(s)
  Updating 'D:/DM/LibreCAD-2.4(YitiJi)/librecad/src/../ts/librecad_es_mx.qm'...
      Generated 1445 translation(s) (855 finished and 590 unfinished)
      Ignored 937 untranslated source text(s)
  Updating 'D:/DM/LibreCAD-2.4(YitiJi)/librecad/src/../ts/librecad_es_ni.qm'...
      Generated 1361 translation(s) (816 finished and 545 unfinished)
      Ignored 845 untranslated source text(s)
  Updating 'D:/DM/LibreCAD-2.4(YitiJi)/librecad/src/../ts/librecad_es_pa.qm'...
      Generated 1361 translation(s) (816 finished and 545 unfinished)
      Ignored 845 untranslated source text(s)
  Updating 'D:/DM/LibreCAD-2.4(YitiJi)/librecad/src/../ts/librecad_es_pe.qm'...
      Generated 1361 translation(s) (816 finished and 545 unfinished)
      Ignored 845 untranslated source text(s)
  Updating 'D:/DM/LibreCAD-2.4(YitiJi)/librecad/src/../ts/librecad_es_pr.qm'...
      Generated 1361 translation(s) (816 finished and 545 unfinished)
      Ignored 845 untranslated source text(s)
  Updating 'D:/DM/LibreCAD-2.4(YitiJi)/librecad/src/../ts/librecad_es_py.qm'...
      Generated 1361 translation(s) (816 finished and 545 unfinished)
      Ignored 845 untranslated source text(s)
  Updating 'D:/DM/LibreCAD-2.4(YitiJi)/librecad/src/../ts/librecad_es_sv.qm'...
      Generated 1361 translation(s) (816 finished and 545 unfinished)
      Ignored 845 untranslated source text(s)
  Updating 'D:/DM/LibreCAD-2.4(YitiJi)/librecad/src/../ts/librecad_es_us.qm'...
      Generated 1361 translation(s) (816 finished and 545 unfinished)
      Ignored 845 untranslated source text(s)
  Updating 'D:/DM/LibreCAD-2.4(YitiJi)/librecad/src/../ts/librecad_es_uy.qm'...
      Generated 1361 translation(s) (816 finished and 545 unfinished)
      Ignored 845 untranslated source text(s)
  Updating 'D:/DM/LibreCAD-2.4(YitiJi)/librecad/src/../ts/librecad_es_ve.qm'...
      Generated 1361 translation(s) (816 finished and 545 unfinished)
      Ignored 845 untranslated source text(s)
  Updating 'D:/DM/LibreCAD-2.4(YitiJi)/librecad/src/../ts/librecad_et.qm'...
      Generated 1435 translation(s) (800 finished and 635 unfinished)
      Ignored 947 untranslated source text(s)
  Updating 'D:/DM/LibreCAD-2.4(YitiJi)/librecad/src/../ts/librecad_eu.qm'...
      Generated 1101 translation(s) (696 finished and 405 unfinished)
      Ignored 1281 untranslated source text(s)
  Updating 'D:/DM/LibreCAD-2.4(YitiJi)/librecad/src/../ts/librecad_fi.qm'...
      Generated 738 translation(s) (500 finished and 238 unfinished)
      Ignored 1640 untranslated source text(s)
  Updating 'D:/DM/LibreCAD-2.4(YitiJi)/librecad/src/../ts/librecad_fr.qm'...
      Generated 2192 translation(s) (2170 finished and 22 unfinished)
      Ignored 190 untranslated source text(s)
  Updating 'D:/DM/LibreCAD-2.4(YitiJi)/librecad/src/../ts/librecad_gl.qm'...
      Generated 2191 translation(s) (2168 finished and 23 unfinished)
      Ignored 191 untranslated source text(s)
  Updating 'D:/DM/LibreCAD-2.4(YitiJi)/librecad/src/../ts/librecad_hi.qm'...
      Generated 0 translation(s) (0 finished and 0 unfinished)
      Ignored 2378 untranslated source text(s)
  Updating 'D:/DM/LibreCAD-2.4(YitiJi)/librecad/src/../ts/librecad_hu.qm'...
      Generated 1571 translation(s) (975 finished and 596 unfinished)
      Ignored 811 untranslated source text(s)
  Updating 'D:/DM/LibreCAD-2.4(YitiJi)/librecad/src/../ts/librecad_id_ID.qm'...
      Generated 611 translation(s) (321 finished and 290 unfinished)
      Ignored 1767 untranslated source text(s)
  Updating 'D:/DM/LibreCAD-2.4(YitiJi)/librecad/src/../ts/librecad_it.qm'...
      Generated 2028 translation(s) (1872 finished and 156 unfinished)
      Ignored 354 untranslated source text(s)
  Updating 'D:/DM/LibreCAD-2.4(YitiJi)/librecad/src/../ts/librecad_ja.qm'...
      Generated 2190 translation(s) (2170 finished and 20 unfinished)
      Ignored 192 untranslated source text(s)
  Updating 'D:/DM/LibreCAD-2.4(YitiJi)/librecad/src/../ts/librecad_ko.qm'...
      Generated 1150 translation(s) (697 finished and 453 unfinished)
      Ignored 1232 untranslated source text(s)
  Updating 'D:/DM/LibreCAD-2.4(YitiJi)/librecad/src/../ts/librecad_lv.qm'...
      Generated 2006 translation(s) (1696 finished and 310 unfinished)
      Ignored 372 untranslated source text(s)
  Updating 'D:/DM/LibreCAD-2.4(YitiJi)/librecad/src/../ts/librecad_mk.qm'...
      Generated 299 translation(s) (102 finished and 197 unfinished)
      Ignored 2083 untranslated source text(s)
  Updating 'D:/DM/LibreCAD-2.4(YitiJi)/librecad/src/../ts/librecad_nl.qm'...
      Generated 1512 translation(s) (913 finished and 599 unfinished)
      Ignored 870 untranslated source text(s)
  Updating 'D:/DM/LibreCAD-2.4(YitiJi)/librecad/src/../ts/librecad_no.qm'...
      Generated 17 translation(s) (16 finished and 1 unfinished)
      Ignored 2365 untranslated source text(s)
  Updating 'D:/DM/LibreCAD-2.4(YitiJi)/librecad/src/../ts/librecad_pa.qm'...
      Generated 1423 translation(s) (811 finished and 612 unfinished)
      Ignored 959 untranslated source text(s)
  Updating 'D:/DM/LibreCAD-2.4(YitiJi)/librecad/src/../ts/librecad_pl.qm'...
      Generated 1618 translation(s) (1077 finished and 541 unfinished)
      Ignored 764 untranslated source text(s)
  Updating 'D:/DM/LibreCAD-2.4(YitiJi)/librecad/src/../ts/librecad_pt_br.qm'...
      Generated 1878 translation(s) (1424 finished and 454 unfinished)
      Ignored 500 untranslated source text(s)
  Updating 'D:/DM/LibreCAD-2.4(YitiJi)/librecad/src/../ts/librecad_pt_pt.qm'...
      Generated 912 translation(s) (583 finished and 329 unfinished)
      Ignored 1466 untranslated source text(s)
  Updating 'D:/DM/LibreCAD-2.4(YitiJi)/librecad/src/../ts/librecad_ro_ro.qm'...
      Generated 1667 translation(s) (1061 finished and 606 unfinished)
      Ignored 715 untranslated source text(s)
  Updating 'D:/DM/LibreCAD-2.4(YitiJi)/librecad/src/../ts/librecad_ru.qm'...
      Generated 2144 translation(s) (2111 finished and 33 unfinished)
      Ignored 234 untranslated source text(s)
  Updating 'D:/DM/LibreCAD-2.4(YitiJi)/librecad/src/../ts/librecad_sk.qm'...
      Generated 1402 translation(s) (777 finished and 625 unfinished)
      Ignored 980 untranslated source text(s)
  Updating 'D:/DM/LibreCAD-2.4(YitiJi)/librecad/src/../ts/librecad_sl.qm'...
      Generated 222 translation(s) (93 finished and 129 unfinished)
      Ignored 2160 untranslated source text(s)
  Updating 'D:/DM/LibreCAD-2.4(YitiJi)/librecad/src/../ts/librecad_sq_al.qm'...
      Generated 39 translation(s) (30 finished and 9 unfinished)
      Ignored 2339 untranslated source text(s)
  Updating 'D:/DM/LibreCAD-2.4(YitiJi)/librecad/src/../ts/librecad_sv.qm'...
      Generated 529 translation(s) (285 finished and 244 unfinished)
      Ignored 1853 untranslated source text(s)
  Updating 'D:/DM/LibreCAD-2.4(YitiJi)/librecad/src/../ts/librecad_ta.qm'...
      Generated 4 translation(s) (4 finished and 0 unfinished)
      Ignored 2378 untranslated source text(s)
  Updating 'D:/DM/LibreCAD-2.4(YitiJi)/librecad/src/../ts/librecad_tr.qm'...
      Generated 1350 translation(s) (746 finished and 604 unfinished)
      Ignored 1028 untranslated source text(s)
  Updating 'D:/DM/LibreCAD-2.4(YitiJi)/librecad/src/../ts/librecad_uk.qm'...
      Generated 1709 translation(s) (1349 finished and 360 unfinished)
      Ignored 669 untranslated source text(s)
  Updating 'D:/DM/LibreCAD-2.4(YitiJi)/librecad/src/../ts/librecad_zh_cn.qm'...
      Generated 2058 translation(s) (1549 finished and 509 unfinished)
      Ignored 320 untranslated source text(s)
  Updating 'D:/DM/LibreCAD-2.4(YitiJi)/librecad/src/../ts/librecad_zh_tw.qm'...
      Generated 1831 translation(s) (1356 finished and 475 unfinished)
      Ignored 547 untranslated source text(s)
  Updating 'D:/DM/LibreCAD-2.4(YitiJi)/plugins/./ts/plugins_ar.qm'...
      Generated 114 translation(s) (84 finished and 30 unfinished)
      Ignored 105 untranslated source text(s)
  Updating 'D:/DM/LibreCAD-2.4(YitiJi)/plugins/./ts/plugins_ca.qm'...
      Generated 173 translation(s) (141 finished and 32 unfinished)
      Ignored 46 untranslated source text(s)
  Updating 'D:/DM/LibreCAD-2.4(YitiJi)/plugins/./ts/plugins_cs.qm'...
      Generated 173 translation(s) (135 finished and 38 unfinished)
      Ignored 46 untranslated source text(s)
  Updating 'D:/DM/LibreCAD-2.4(YitiJi)/plugins/./ts/plugins_en.qm'...
      Generated 0 translation(s) (0 finished and 0 unfinished)
      Ignored 219 untranslated source text(s)
  Updating 'D:/DM/LibreCAD-2.4(YitiJi)/plugins/./ts/plugins_en_au.qm'...
      Generated 0 translation(s) (0 finished and 0 unfinished)
      Ignored 219 untranslated source text(s)
  Updating 'D:/DM/LibreCAD-2.4(YitiJi)/plugins/./ts/plugins_da.qm'...
      Generated 91 translation(s) (53 finished and 38 unfinished)
      Ignored 128 untranslated source text(s)
  Updating 'D:/DM/LibreCAD-2.4(YitiJi)/plugins/./ts/plugins_de.qm'...
      Generated 181 translation(s) (151 finished and 30 unfinished)
      Ignored 38 untranslated source text(s)
  Updating 'D:/DM/LibreCAD-2.4(YitiJi)/plugins/./ts/plugins_el.qm'...
      Generated 165 translation(s) (133 finished and 32 unfinished)
      Ignored 54 untranslated source text(s)
  Updating 'D:/DM/LibreCAD-2.4(YitiJi)/plugins/./ts/plugins_es.qm'...
      Generated 161 translation(s) (123 finished and 38 unfinished)
      Ignored 58 untranslated source text(s)
  Updating 'D:/DM/LibreCAD-2.4(YitiJi)/plugins/./ts/plugins_es_ar.qm'...
      Generated 0 translation(s) (0 finished and 0 unfinished)
      Ignored 219 untranslated source text(s)
  Updating 'D:/DM/LibreCAD-2.4(YitiJi)/plugins/./ts/plugins_es_bo.qm'...
      Generated 0 translation(s) (0 finished and 0 unfinished)
      Ignored 219 untranslated source text(s)
  Updating 'D:/DM/LibreCAD-2.4(YitiJi)/plugins/./ts/plugins_es_cl.qm'...
      Generated 0 translation(s) (0 finished and 0 unfinished)
      Ignored 219 untranslated source text(s)
  Updating 'D:/DM/LibreCAD-2.4(YitiJi)/plugins/./ts/plugins_es_co.qm'...
      Generated 0 translation(s) (0 finished and 0 unfinished)
      Ignored 219 untranslated source text(s)
  Updating 'D:/DM/LibreCAD-2.4(YitiJi)/plugins/./ts/plugins_es_cr.qm'...
      Generated 0 translation(s) (0 finished and 0 unfinished)
      Ignored 219 untranslated source text(s)
  Updating 'D:/DM/LibreCAD-2.4(YitiJi)/plugins/./ts/plugins_es_do.qm'...
      Generated 0 translation(s) (0 finished and 0 unfinished)
      Ignored 219 untranslated source text(s)
  Updating 'D:/DM/LibreCAD-2.4(YitiJi)/plugins/./ts/plugins_es_ec.qm'...
      Generated 0 translation(s) (0 finished and 0 unfinished)
      Ignored 219 untranslated source text(s)
  Updating 'D:/DM/LibreCAD-2.4(YitiJi)/plugins/./ts/plugins_es_gt.qm'...
      Generated 0 translation(s) (0 finished and 0 unfinished)
      Ignored 219 untranslated source text(s)
  Updating 'D:/DM/LibreCAD-2.4(YitiJi)/plugins/./ts/plugins_es_hn.qm'...
      Generated 0 translation(s) (0 finished and 0 unfinished)
      Ignored 219 untranslated source text(s)
  Updating 'D:/DM/LibreCAD-2.4(YitiJi)/plugins/./ts/plugins_es_mx.qm'...
      Generated 0 translation(s) (0 finished and 0 unfinished)
      Ignored 219 untranslated source text(s)
  Updating 'D:/DM/LibreCAD-2.4(YitiJi)/plugins/./ts/plugins_es_ni.qm'...
      Generated 0 translation(s) (0 finished and 0 unfinished)
      Ignored 219 untranslated source text(s)
  Updating 'D:/DM/LibreCAD-2.4(YitiJi)/plugins/./ts/plugins_es_pa.qm'...
      Generated 0 translation(s) (0 finished and 0 unfinished)
      Ignored 219 untranslated source text(s)
  Updating 'D:/DM/LibreCAD-2.4(YitiJi)/plugins/./ts/plugins_es_pe.qm'...
      Generated 0 translation(s) (0 finished and 0 unfinished)
      Ignored 219 untranslated source text(s)
  Updating 'D:/DM/LibreCAD-2.4(YitiJi)/plugins/./ts/plugins_es_pr.qm'...
      Generated 0 translation(s) (0 finished and 0 unfinished)
      Ignored 219 untranslated source text(s)
  Updating 'D:/DM/LibreCAD-2.4(YitiJi)/plugins/./ts/plugins_es_py.qm'...
      Generated 0 translation(s) (0 finished and 0 unfinished)
      Ignored 219 untranslated source text(s)
  Updating 'D:/DM/LibreCAD-2.4(YitiJi)/plugins/./ts/plugins_es_sv.qm'...
      Generated 0 translation(s) (0 finished and 0 unfinished)
      Ignored 219 untranslated source text(s)
  Updating 'D:/DM/LibreCAD-2.4(YitiJi)/plugins/./ts/plugins_es_us.qm'...
      Generated 0 translation(s) (0 finished and 0 unfinished)
      Ignored 219 untranslated source text(s)
  Updating 'D:/DM/LibreCAD-2.4(YitiJi)/plugins/./ts/plugins_es_uy.qm'...
      Generated 0 translation(s) (0 finished and 0 unfinished)
      Ignored 219 untranslated source text(s)
  Updating 'D:/DM/LibreCAD-2.4(YitiJi)/plugins/./ts/plugins_es_ve.qm'...
      Generated 0 translation(s) (0 finished and 0 unfinished)
      Ignored 219 untranslated source text(s)
  Updating 'D:/DM/LibreCAD-2.4(YitiJi)/plugins/./ts/plugins_et.qm'...
      Generated 0 translation(s) (0 finished and 0 unfinished)
      Ignored 219 untranslated source text(s)
  Updating 'D:/DM/LibreCAD-2.4(YitiJi)/plugins/./ts/plugins_eu.qm'...
      Generated 172 translation(s) (141 finished and 31 unfinished)
      Ignored 47 untranslated source text(s)
  Updating 'D:/DM/LibreCAD-2.4(YitiJi)/plugins/./ts/plugins_fi.qm'...
      Generated 70 translation(s) (50 finished and 20 unfinished)
      Ignored 149 untranslated source text(s)
  Updating 'D:/DM/LibreCAD-2.4(YitiJi)/plugins/./ts/plugins_fr.qm'...
      Generated 181 translation(s) (151 finished and 30 unfinished)
      Ignored 38 untranslated source text(s)
  Updating 'D:/DM/LibreCAD-2.4(YitiJi)/plugins/./ts/plugins_gl.qm'...
      Generated 173 translation(s) (141 finished and 32 unfinished)
      Ignored 46 untranslated source text(s)
  Updating 'D:/DM/LibreCAD-2.4(YitiJi)/plugins/./ts/plugins_hi.qm'...
      Generated 0 translation(s) (0 finished and 0 unfinished)
      Ignored 219 untranslated source text(s)
  Updating 'D:/DM/LibreCAD-2.4(YitiJi)/plugins/./ts/plugins_hu.qm'...
      Generated 61 translation(s) (35 finished and 26 unfinished)
      Ignored 158 untranslated source text(s)
  Updating 'D:/DM/LibreCAD-2.4(YitiJi)/plugins/./ts/plugins_id_ID.qm'...
      Generated 0 translation(s) (0 finished and 0 unfinished)
      Ignored 219 untranslated source text(s)
  Updating 'D:/DM/LibreCAD-2.4(YitiJi)/plugins/./ts/plugins_it.qm'...
      Generated 160 translation(s) (138 finished and 22 unfinished)
      Ignored 59 untranslated source text(s)
  Updating 'D:/DM/LibreCAD-2.4(YitiJi)/plugins/./ts/plugins_ja.qm'...
      Generated 181 translation(s) (151 finished and 30 unfinished)
      Ignored 38 untranslated source text(s)
  Updating 'D:/DM/LibreCAD-2.4(YitiJi)/plugins/./ts/plugins_ko.qm'...
      Generated 37 translation(s) (21 finished and 16 unfinished)
      Ignored 182 untranslated source text(s)
  Updating 'D:/DM/LibreCAD-2.4(YitiJi)/plugins/./ts/plugins_lv.qm'...
      Generated 161 translation(s) (123 finished and 38 unfinished)
      Ignored 58 untranslated source text(s)
  Updating 'D:/DM/LibreCAD-2.4(YitiJi)/plugins/./ts/plugins_mk.qm'...
      Generated 178 translation(s) (151 finished and 27 unfinished)
      Ignored 41 untranslated source text(s)
  Updating 'D:/DM/LibreCAD-2.4(YitiJi)/plugins/./ts/plugins_nl.qm'...
      Generated 53 translation(s) (29 finished and 24 unfinished)
      Ignored 166 untranslated source text(s)
  Updating 'D:/DM/LibreCAD-2.4(YitiJi)/plugins/./ts/plugins_no.qm'...
      Generated 0 translation(s) (0 finished and 0 unfinished)
      Ignored 219 untranslated source text(s)
  Updating 'D:/DM/LibreCAD-2.4(YitiJi)/plugins/./ts/plugins_pa.qm'...
      Generated 0 translation(s) (0 finished and 0 unfinished)
      Ignored 219 untranslated source text(s)
  Updating 'D:/DM/LibreCAD-2.4(YitiJi)/plugins/./ts/plugins_pl.qm'...
      Generated 144 translation(s) (108 finished and 36 unfinished)
      Ignored 75 untranslated source text(s)
  Updating 'D:/DM/LibreCAD-2.4(YitiJi)/plugins/./ts/plugins_pt_br.qm'...
      Generated 164 translation(s) (126 finished and 38 unfinished)
      Ignored 55 untranslated source text(s)
  Updating 'D:/DM/LibreCAD-2.4(YitiJi)/plugins/./ts/plugins_pt_pt.qm'...
      Generated 4 translation(s) (3 finished and 1 unfinished)
      Ignored 215 untranslated source text(s)
  Updating 'D:/DM/LibreCAD-2.4(YitiJi)/plugins/./ts/plugins_ro_ro.qm'...
      Generated 0 translation(s) (0 finished and 0 unfinished)
      Ignored 219 untranslated source text(s)
  Updating 'D:/DM/LibreCAD-2.4(YitiJi)/plugins/./ts/plugins_ru.qm'...
      Generated 171 translation(s) (140 finished and 31 unfinished)
      Ignored 48 untranslated source text(s)
  Updating 'D:/DM/LibreCAD-2.4(YitiJi)/plugins/./ts/plugins_sk.qm'...
      Generated 0 translation(s) (0 finished and 0 unfinished)
      Ignored 219 untranslated source text(s)
  Updating 'D:/DM/LibreCAD-2.4(YitiJi)/plugins/./ts/plugins_sl.qm'...
      Generated 150 translation(s) (113 finished and 37 unfinished)
      Ignored 69 untranslated source text(s)
  Updating 'D:/DM/LibreCAD-2.4(YitiJi)/plugins/./ts/plugins_sq_al.qm'...
      Generated 0 translation(s) (0 finished and 0 unfinished)
      Ignored 219 untranslated source text(s)
  Updating 'D:/DM/LibreCAD-2.4(YitiJi)/plugins/./ts/plugins_sv.qm'...
      Generated 0 translation(s) (0 finished and 0 unfinished)
      Ignored 219 untranslated source text(s)
  Updating 'D:/DM/LibreCAD-2.4(YitiJi)/plugins/./ts/plugins_ta.qm'...
      Generated 33 translation(s) (15 finished and 18 unfinished)
      Ignored 186 untranslated source text(s)
  Updating 'D:/DM/LibreCAD-2.4(YitiJi)/plugins/./ts/plugins_tr.qm'...
      Generated 0 translation(s) (0 finished and 0 unfinished)
      Ignored 219 untranslated source text(s)
  Updating 'D:/DM/LibreCAD-2.4(YitiJi)/plugins/./ts/plugins_uk.qm'...
      Generated 94 translation(s) (67 finished and 27 unfinished)
      Ignored 125 untranslated source text(s)
  Updating 'D:/DM/LibreCAD-2.4(YitiJi)/plugins/./ts/plugins_zh_cn.qm'...
      Generated 151 translation(s) (113 finished and 38 unfinished)
      Ignored 68 untranslated source text(s)
  Updating 'D:/DM/LibreCAD-2.4(YitiJi)/plugins/./ts/plugins_zh_tw.qm'...
      Generated 151 translation(s) (113 finished and 38 unfinished)
      Ignored 68 untranslated source text(s)
  已复制         1 个文件。
  已复制         1 个文件。
  已复制         1 个文件。
  已复制         1 个文件。
  已复制         1 个文件。
  已复制         1 个文件。
  已复制         1 个文件。
  已复制         1 个文件。
  已复制         1 个文件。
  已复制         1 个文件。
  已复制         1 个文件。
  已复制         1 个文件。
  已复制         1 个文件。
  已复制         1 个文件。
  已复制         1 个文件。
  已复制         1 个文件。
  已复制         1 个文件。
  已复制         1 个文件。
  已复制         1 个文件。
  已复制         1 个文件。
  已复制         1 个文件。
  已复制         1 个文件。
  已复制         1 个文件。
  已复制         1 个文件。
  已复制         1 个文件。
  已复制         1 个文件。
  已复制         1 个文件。
  已复制         1 个文件。
  已复制         1 个文件。
  已复制         1 个文件。
  已复制         1 个文件。
  已复制         1 个文件。
  已复制         1 个文件。
  已复制         1 个文件。
  已复制         1 个文件。
  已复制         1 个文件。
  已复制         1 个文件。
  已复制         1 个文件。
  已复制         1 个文件。
  已复制         1 个文件。
  已复制         1 个文件。
  已复制         1 个文件。
  已复制         1 个文件。
  已复制         1 个文件。
  已复制         1 个文件。
  已复制         1 个文件。
  已复制         1 个文件。
  已复制         1 个文件。
  已复制         1 个文件。
  已复制         1 个文件。
  已复制         1 个文件。
  已复制         1 个文件。
  已复制         1 个文件。
  已复制         1 个文件。
  已复制         1 个文件。
  已复制         1 个文件。
  已复制         1 个文件。
  已复制         1 个文件。
  已复制         1 个文件。
  已复制         1 个文件。
  已复制         1 个文件。
  已复制         1 个文件。
  已复制         1 个文件。
  已复制         1 个文件。
  已复制         1 个文件。
  已复制         1 个文件。
  已复制         1 个文件。
  已复制         1 个文件。
  已复制         1 个文件。
  已复制         1 个文件。
  已复制         1 个文件。
  已复制         1 个文件。
  已复制         1 个文件。
  已复制         1 个文件。
  已复制         1 个文件。
  已复制         1 个文件。
  已复制         1 个文件。
  已复制         1 个文件。
  已复制         1 个文件。
  已复制         1 个文件。
  已复制         1 个文件。
  已复制         1 个文件。
  已复制         1 个文件。
  已复制         1 个文件。
  已复制         1 个文件。
  已复制         1 个文件。
  已复制         1 个文件。
  已复制         1 个文件。
  已复制         1 个文件。
  已复制         1 个文件。
  已复制         1 个文件。
  已复制         1 个文件。
  已复制         1 个文件。
  已复制         1 个文件。
  已复制         1 个文件。
  已复制         1 个文件。
  已复制         1 个文件。
  已复制         1 个文件。
  已复制         1 个文件。
  已复制         1 个文件。
  已复制         1 个文件。
  已复制         1 个文件。
  已复制         1 个文件。
  已复制         1 个文件。
  已复制         1 个文件。
  已复制         1 个文件。
  已复制         1 个文件。
  已复制         1 个文件。
  已复制         1 个文件。
  已复制         1 个文件。
  已复制         1 个文件。
  已复制         1 个文件。
  已复制         1 个文件。
  已复制         1 个文件。
  已复制         1 个文件。
  已复制         1 个文件。
  Create D:\DM\LibreCAD-2.4(YitiJi)\scripts\postprocess-windows\generated_scmrev.nsh for NSIS Installer
