d:\dm\librecad-2.4\generated\plugin\align\moc\moc_align.cpp
d:\dm\librecad-2.4(yitiji)\generated\plugin\align\moc\moc_align.cpp
d:\dm\librecad-2.4\generated\plugin\align\obj\align.obj
d:\dm\librecad-2.4\generated\plugin\align\obj\moc_align.obj
d:\dm\librecad-2.4\generated\plugin\align\moc\moc_predefs.h
d:\dm\librecad-2.4\windows\resources\plugins\align1.dll
d:\dm\librecad-2.4\plugins\align\..\..\generated\plugin\align\moc\moc_align.cpp
d:\dm\librecad-2.4\generated\plugin\align\obj\align_resource.res
d:\dm\librecad-2.4\windows\resources\plugins\align1.lib
d:\dm\librecad-2.4\windows\resources\plugins\align1.exp
d:\dm\librecad-2.4(yitiji)\generated\plugin\align\obj\align.obj
d:\dm\librecad-2.4(yitiji)\generated\plugin\align\obj\moc_align.obj
d:\dm\librecad-2.4(yitiji)\generated\plugin\align\obj\align_resource.res
d:\dm\librecad-2.4(yitiji)\windows\resources\plugins\align1.dll
d:\dm\librecad-2.4(yitiji)\generated\plugin\align\obj\align.tlog\align.write.1u.tlog
d:\dm\librecad-2.4(yitiji)\generated\plugin\align\obj\align.tlog\cl.command.1.tlog
d:\dm\librecad-2.4(yitiji)\generated\plugin\align\obj\align.tlog\cl.items.tlog
d:\dm\librecad-2.4(yitiji)\generated\plugin\align\obj\align.tlog\cl.read.1.tlog
d:\dm\librecad-2.4(yitiji)\generated\plugin\align\obj\align.tlog\cl.write.1.tlog
d:\dm\librecad-2.4(yitiji)\generated\plugin\align\obj\align.tlog\custombuild.command.1.tlog
d:\dm\librecad-2.4(yitiji)\generated\plugin\align\obj\align.tlog\custombuild.read.1.tlog
d:\dm\librecad-2.4(yitiji)\generated\plugin\align\obj\align.tlog\custombuild.write.1.tlog
d:\dm\librecad-2.4(yitiji)\generated\plugin\align\obj\align.tlog\link.command.1.tlog
d:\dm\librecad-2.4(yitiji)\generated\plugin\align\obj\align.tlog\link.read.1.tlog
d:\dm\librecad-2.4(yitiji)\generated\plugin\align\obj\align.tlog\link.secondary.1.tlog
d:\dm\librecad-2.4(yitiji)\generated\plugin\align\obj\align.tlog\link.write.1.tlog
d:\dm\librecad-2.4(yitiji)\generated\plugin\align\obj\align.tlog\moc.read.1u.tlog
d:\dm\librecad-2.4(yitiji)\generated\plugin\align\obj\align.tlog\moc.write.1u.tlog
d:\dm\librecad-2.4(yitiji)\generated\plugin\align\obj\align.tlog\rc.command.1.tlog
d:\dm\librecad-2.4(yitiji)\generated\plugin\align\obj\align.tlog\rc.read.1.tlog
d:\dm\librecad-2.4(yitiji)\generated\plugin\align\obj\align.tlog\rc.write.1.tlog
