e:\projects\librecad-2.2\generated\plugin\align\moc\moc_align.cpp
e:\projects\librecad-2.2\generated\plugin\align\obj\vc143.pdb
e:\projects\librecad-2.2\generated\plugin\align\obj\align.obj
e:\projects\librecad-2.2\generated\plugin\align\obj\moc_align.obj
e:\projects\librecad-2.2\generated\plugin\align\moc\moc_predefs.h
e:\projects\librecad-2.2\windows\resources\plugins\alignd1.dll
e:\projects\librecad-2.2\windows\resources\plugins\alignd1.pdb
e:\projects\librecad-2.2\plugins\align\..\..\generated\plugin\align\moc\moc_align.cpp
e:\projects\librecad-2.2\generated\plugin\align\obj\alignd_resource.res
e:\projects\librecad-2.2\windows\resources\plugins\alignd1.lib
e:\projects\librecad-2.2\windows\resources\plugins\alignd1.exp
e:\projects\librecad-2.2\windows\resources\plugins\alignd1.ilk
e:\projects\librecad-2.2\generated\plugin\align\obj\align.tlog\align.write.1u.tlog
e:\projects\librecad-2.2\generated\plugin\align\obj\align.tlog\cl.command.1.tlog
e:\projects\librecad-2.2\generated\plugin\align\obj\align.tlog\cl.items.tlog
e:\projects\librecad-2.2\generated\plugin\align\obj\align.tlog\cl.read.1.tlog
e:\projects\librecad-2.2\generated\plugin\align\obj\align.tlog\cl.write.1.tlog
e:\projects\librecad-2.2\generated\plugin\align\obj\align.tlog\custombuild.command.1.tlog
e:\projects\librecad-2.2\generated\plugin\align\obj\align.tlog\custombuild.read.1.tlog
e:\projects\librecad-2.2\generated\plugin\align\obj\align.tlog\custombuild.write.1.tlog
e:\projects\librecad-2.2\generated\plugin\align\obj\align.tlog\link.command.1.tlog
e:\projects\librecad-2.2\generated\plugin\align\obj\align.tlog\link.read.1.tlog
e:\projects\librecad-2.2\generated\plugin\align\obj\align.tlog\link.secondary.1.tlog
e:\projects\librecad-2.2\generated\plugin\align\obj\align.tlog\link.write.1.tlog
e:\projects\librecad-2.2\generated\plugin\align\obj\align.tlog\moc.read.1u.tlog
e:\projects\librecad-2.2\generated\plugin\align\obj\align.tlog\moc.write.1u.tlog
e:\projects\librecad-2.2\generated\plugin\align\obj\align.tlog\rc.command.1.tlog
e:\projects\librecad-2.2\generated\plugin\align\obj\align.tlog\rc.read.1.tlog
e:\projects\librecad-2.2\generated\plugin\align\obj\align.tlog\rc.write.1.tlog
