e:\projects\librecad-2.2\generated\plugin\asciifile\moc\moc_asciifile.cpp
e:\projects\librecad-2.2\generated\plugin\asciifile\obj\vc143.pdb
e:\projects\librecad-2.2\generated\plugin\asciifile\obj\asciifile.obj
e:\projects\librecad-2.2\generated\plugin\asciifile\obj\moc_asciifile.obj
e:\projects\librecad-2.2\generated\plugin\asciifile\moc\moc_predefs.h
e:\projects\librecad-2.2\windows\resources\plugins\asciifiled1.dll
e:\projects\librecad-2.2\windows\resources\plugins\asciifiled1.pdb
e:\projects\librecad-2.2\plugins\asciifile\..\..\generated\plugin\asciifile\moc\moc_asciifile.cpp
e:\projects\librecad-2.2\generated\plugin\asciifile\obj\asciifiled_resource.res
e:\projects\librecad-2.2\windows\resources\plugins\asciifiled1.lib
e:\projects\librecad-2.2\windows\resources\plugins\asciifiled1.exp
e:\projects\librecad-2.2\windows\resources\plugins\asciifiled1.ilk
e:\projects\librecad-2.2\generated\plugin\asciifile\obj\asciifile.tlog\asciifile.write.1u.tlog
e:\projects\librecad-2.2\generated\plugin\asciifile\obj\asciifile.tlog\cl.command.1.tlog
e:\projects\librecad-2.2\generated\plugin\asciifile\obj\asciifile.tlog\cl.items.tlog
e:\projects\librecad-2.2\generated\plugin\asciifile\obj\asciifile.tlog\cl.read.1.tlog
e:\projects\librecad-2.2\generated\plugin\asciifile\obj\asciifile.tlog\cl.write.1.tlog
e:\projects\librecad-2.2\generated\plugin\asciifile\obj\asciifile.tlog\custombuild.command.1.tlog
e:\projects\librecad-2.2\generated\plugin\asciifile\obj\asciifile.tlog\custombuild.read.1.tlog
e:\projects\librecad-2.2\generated\plugin\asciifile\obj\asciifile.tlog\custombuild.write.1.tlog
e:\projects\librecad-2.2\generated\plugin\asciifile\obj\asciifile.tlog\link.command.1.tlog
e:\projects\librecad-2.2\generated\plugin\asciifile\obj\asciifile.tlog\link.read.1.tlog
e:\projects\librecad-2.2\generated\plugin\asciifile\obj\asciifile.tlog\link.secondary.1.tlog
e:\projects\librecad-2.2\generated\plugin\asciifile\obj\asciifile.tlog\link.write.1.tlog
e:\projects\librecad-2.2\generated\plugin\asciifile\obj\asciifile.tlog\moc.read.1u.tlog
e:\projects\librecad-2.2\generated\plugin\asciifile\obj\asciifile.tlog\moc.write.1u.tlog
e:\projects\librecad-2.2\generated\plugin\asciifile\obj\asciifile.tlog\rc.command.1.tlog
e:\projects\librecad-2.2\generated\plugin\asciifile\obj\asciifile.tlog\rc.read.1.tlog
e:\projects\librecad-2.2\generated\plugin\asciifile\obj\asciifile.tlog\rc.write.1.tlog
