d:\dm\librecad-2.4\generated\plugin\asciifile\moc\moc_asciifile.cpp
d:\dm\librecad-2.4(yitiji)\generated\plugin\asciifile\moc\moc_asciifile.cpp
d:\dm\librecad-2.4\generated\plugin\asciifile\obj\asciifile.obj
d:\dm\librecad-2.4\generated\plugin\asciifile\obj\moc_asciifile.obj
d:\dm\librecad-2.4\generated\plugin\asciifile\moc\moc_predefs.h
d:\dm\librecad-2.4\windows\resources\plugins\asciifile1.dll
d:\dm\librecad-2.4\plugins\asciifile\..\..\generated\plugin\asciifile\moc\moc_asciifile.cpp
d:\dm\librecad-2.4\generated\plugin\asciifile\obj\asciifile_resource.res
d:\dm\librecad-2.4\windows\resources\plugins\asciifile1.lib
d:\dm\librecad-2.4\windows\resources\plugins\asciifile1.exp
d:\dm\librecad-2.4(yitiji)\generated\plugin\asciifile\obj\asciifile.obj
d:\dm\librecad-2.4(yitiji)\generated\plugin\asciifile\obj\moc_asciifile.obj
d:\dm\librecad-2.4(yitiji)\generated\plugin\asciifile\obj\asciifile_resource.res
d:\dm\librecad-2.4(yitiji)\windows\resources\plugins\asciifile1.dll
d:\dm\librecad-2.4(yitiji)\generated\plugin\asciifile\obj\asciifile.tlog\asciifile.write.1u.tlog
d:\dm\librecad-2.4(yitiji)\generated\plugin\asciifile\obj\asciifile.tlog\cl.command.1.tlog
d:\dm\librecad-2.4(yitiji)\generated\plugin\asciifile\obj\asciifile.tlog\cl.items.tlog
d:\dm\librecad-2.4(yitiji)\generated\plugin\asciifile\obj\asciifile.tlog\cl.read.1.tlog
d:\dm\librecad-2.4(yitiji)\generated\plugin\asciifile\obj\asciifile.tlog\cl.write.1.tlog
d:\dm\librecad-2.4(yitiji)\generated\plugin\asciifile\obj\asciifile.tlog\custombuild.command.1.tlog
d:\dm\librecad-2.4(yitiji)\generated\plugin\asciifile\obj\asciifile.tlog\custombuild.read.1.tlog
d:\dm\librecad-2.4(yitiji)\generated\plugin\asciifile\obj\asciifile.tlog\custombuild.write.1.tlog
d:\dm\librecad-2.4(yitiji)\generated\plugin\asciifile\obj\asciifile.tlog\link.command.1.tlog
d:\dm\librecad-2.4(yitiji)\generated\plugin\asciifile\obj\asciifile.tlog\link.read.1.tlog
d:\dm\librecad-2.4(yitiji)\generated\plugin\asciifile\obj\asciifile.tlog\link.secondary.1.tlog
d:\dm\librecad-2.4(yitiji)\generated\plugin\asciifile\obj\asciifile.tlog\link.write.1.tlog
d:\dm\librecad-2.4(yitiji)\generated\plugin\asciifile\obj\asciifile.tlog\moc.read.1u.tlog
d:\dm\librecad-2.4(yitiji)\generated\plugin\asciifile\obj\asciifile.tlog\moc.write.1u.tlog
d:\dm\librecad-2.4(yitiji)\generated\plugin\asciifile\obj\asciifile.tlog\rc.command.1.tlog
d:\dm\librecad-2.4(yitiji)\generated\plugin\asciifile\obj\asciifile.tlog\rc.read.1.tlog
d:\dm\librecad-2.4(yitiji)\generated\plugin\asciifile\obj\asciifile.tlog\rc.write.1.tlog
