e:\projects\librecad-2.2\generated\plugin\gear\obj\vc143.pdb
e:\projects\librecad-2.2\generated\plugin\gear\obj\gear.obj
e:\projects\librecad-2.2\generated\plugin\gear\obj\moc_gear.obj
e:\projects\librecad-2.2\generated\plugin\gear\moc\moc_predefs.h
e:\projects\librecad-2.2\generated\plugin\gear\moc\moc_gear.cpp
e:\projects\librecad-2.2\windows\resources\plugins\geard0.dll
e:\projects\librecad-2.2\windows\resources\plugins\geard0.pdb
e:\projects\librecad-2.2\plugins\gear\..\..\generated\plugin\gear\moc\moc_gear.cpp
e:\projects\librecad-2.2\generated\plugin\gear\obj\geard_resource.res
e:\projects\librecad-2.2\windows\resources\plugins\geard0.lib
e:\projects\librecad-2.2\windows\resources\plugins\geard0.exp
e:\projects\librecad-2.2\windows\resources\plugins\geard0.ilk
e:\projects\librecad-2.2\generated\plugin\gear\obj\gear.tlog\cl.command.1.tlog
e:\projects\librecad-2.2\generated\plugin\gear\obj\gear.tlog\cl.items.tlog
e:\projects\librecad-2.2\generated\plugin\gear\obj\gear.tlog\cl.read.1.tlog
e:\projects\librecad-2.2\generated\plugin\gear\obj\gear.tlog\cl.write.1.tlog
e:\projects\librecad-2.2\generated\plugin\gear\obj\gear.tlog\custombuild.command.1.tlog
e:\projects\librecad-2.2\generated\plugin\gear\obj\gear.tlog\custombuild.read.1.tlog
e:\projects\librecad-2.2\generated\plugin\gear\obj\gear.tlog\custombuild.write.1.tlog
e:\projects\librecad-2.2\generated\plugin\gear\obj\gear.tlog\gear.write.1u.tlog
e:\projects\librecad-2.2\generated\plugin\gear\obj\gear.tlog\link.command.1.tlog
e:\projects\librecad-2.2\generated\plugin\gear\obj\gear.tlog\link.read.1.tlog
e:\projects\librecad-2.2\generated\plugin\gear\obj\gear.tlog\link.secondary.1.tlog
e:\projects\librecad-2.2\generated\plugin\gear\obj\gear.tlog\link.write.1.tlog
e:\projects\librecad-2.2\generated\plugin\gear\obj\gear.tlog\moc.read.1u.tlog
e:\projects\librecad-2.2\generated\plugin\gear\obj\gear.tlog\moc.write.1u.tlog
e:\projects\librecad-2.2\generated\plugin\gear\obj\gear.tlog\rc.command.1.tlog
e:\projects\librecad-2.2\generated\plugin\gear\obj\gear.tlog\rc.read.1.tlog
e:\projects\librecad-2.2\generated\plugin\gear\obj\gear.tlog\rc.write.1.tlog
