d:\dm\librecad-2.4\generated\plugin\gear\obj\gear.obj
d:\dm\librecad-2.4\generated\plugin\gear\obj\moc_gear.obj
d:\dm\librecad-2.4\generated\plugin\gear\moc\moc_predefs.h
d:\dm\librecad-2.4\generated\plugin\gear\moc\moc_gear.cpp
d:\dm\librecad-2.4(yitiji)\generated\plugin\gear\moc\moc_gear.cpp
d:\dm\librecad-2.4\windows\resources\plugins\gear0.dll
d:\dm\librecad-2.4\plugins\gear\..\..\generated\plugin\gear\moc\moc_gear.cpp
d:\dm\librecad-2.4\generated\plugin\gear\obj\gear_resource.res
d:\dm\librecad-2.4\windows\resources\plugins\gear0.lib
d:\dm\librecad-2.4\windows\resources\plugins\gear0.exp
d:\dm\librecad-2.4(yitiji)\generated\plugin\gear\obj\gear.obj
d:\dm\librecad-2.4(yitiji)\generated\plugin\gear\obj\moc_gear.obj
d:\dm\librecad-2.4(yitiji)\generated\plugin\gear\obj\gear_resource.res
d:\dm\librecad-2.4(yitiji)\windows\resources\plugins\gear0.dll
d:\dm\librecad-2.4(yitiji)\generated\plugin\gear\obj\gear.tlog\cl.command.1.tlog
d:\dm\librecad-2.4(yitiji)\generated\plugin\gear\obj\gear.tlog\cl.items.tlog
d:\dm\librecad-2.4(yitiji)\generated\plugin\gear\obj\gear.tlog\cl.read.1.tlog
d:\dm\librecad-2.4(yitiji)\generated\plugin\gear\obj\gear.tlog\cl.write.1.tlog
d:\dm\librecad-2.4(yitiji)\generated\plugin\gear\obj\gear.tlog\custombuild.command.1.tlog
d:\dm\librecad-2.4(yitiji)\generated\plugin\gear\obj\gear.tlog\custombuild.read.1.tlog
d:\dm\librecad-2.4(yitiji)\generated\plugin\gear\obj\gear.tlog\custombuild.write.1.tlog
d:\dm\librecad-2.4(yitiji)\generated\plugin\gear\obj\gear.tlog\gear.write.1u.tlog
d:\dm\librecad-2.4(yitiji)\generated\plugin\gear\obj\gear.tlog\link.command.1.tlog
d:\dm\librecad-2.4(yitiji)\generated\plugin\gear\obj\gear.tlog\link.read.1.tlog
d:\dm\librecad-2.4(yitiji)\generated\plugin\gear\obj\gear.tlog\link.secondary.1.tlog
d:\dm\librecad-2.4(yitiji)\generated\plugin\gear\obj\gear.tlog\link.write.1.tlog
d:\dm\librecad-2.4(yitiji)\generated\plugin\gear\obj\gear.tlog\moc.read.1u.tlog
d:\dm\librecad-2.4(yitiji)\generated\plugin\gear\obj\gear.tlog\moc.write.1u.tlog
d:\dm\librecad-2.4(yitiji)\generated\plugin\gear\obj\gear.tlog\rc.command.1.tlog
d:\dm\librecad-2.4(yitiji)\generated\plugin\gear\obj\gear.tlog\rc.read.1.tlog
d:\dm\librecad-2.4(yitiji)\generated\plugin\gear\obj\gear.tlog\rc.write.1.tlog
