e:\projects\librecad-2.2\generated\plugin\sameprop\obj\vc143.pdb
e:\projects\librecad-2.2\generated\plugin\sameprop\obj\sameprop.obj
e:\projects\librecad-2.2\generated\plugin\sameprop\obj\moc_sameprop.obj
e:\projects\librecad-2.2\generated\plugin\sameprop\moc\moc_predefs.h
e:\projects\librecad-2.2\windows\resources\plugins\samepropd1.dll
e:\projects\librecad-2.2\windows\resources\plugins\samepropd1.pdb
e:\projects\librecad-2.2\plugins\sameprop\..\..\generated\plugin\sameprop\moc\moc_sameprop.cpp
e:\projects\librecad-2.2\generated\plugin\sameprop\obj\samepropd_resource.res
e:\projects\librecad-2.2\generated\plugin\sameprop\moc\moc_sameprop.cpp
e:\projects\librecad-2.2\windows\resources\plugins\samepropd1.lib
e:\projects\librecad-2.2\windows\resources\plugins\samepropd1.exp
e:\projects\librecad-2.2\windows\resources\plugins\samepropd1.ilk
e:\projects\librecad-2.2\generated\plugin\sameprop\obj\sameprop.tlog\cl.command.1.tlog
e:\projects\librecad-2.2\generated\plugin\sameprop\obj\sameprop.tlog\cl.items.tlog
e:\projects\librecad-2.2\generated\plugin\sameprop\obj\sameprop.tlog\cl.read.1.tlog
e:\projects\librecad-2.2\generated\plugin\sameprop\obj\sameprop.tlog\cl.write.1.tlog
e:\projects\librecad-2.2\generated\plugin\sameprop\obj\sameprop.tlog\custombuild.command.1.tlog
e:\projects\librecad-2.2\generated\plugin\sameprop\obj\sameprop.tlog\custombuild.read.1.tlog
e:\projects\librecad-2.2\generated\plugin\sameprop\obj\sameprop.tlog\custombuild.write.1.tlog
e:\projects\librecad-2.2\generated\plugin\sameprop\obj\sameprop.tlog\link.command.1.tlog
e:\projects\librecad-2.2\generated\plugin\sameprop\obj\sameprop.tlog\link.read.1.tlog
e:\projects\librecad-2.2\generated\plugin\sameprop\obj\sameprop.tlog\link.secondary.1.tlog
e:\projects\librecad-2.2\generated\plugin\sameprop\obj\sameprop.tlog\link.write.1.tlog
e:\projects\librecad-2.2\generated\plugin\sameprop\obj\sameprop.tlog\moc.read.1u.tlog
e:\projects\librecad-2.2\generated\plugin\sameprop\obj\sameprop.tlog\moc.write.1u.tlog
e:\projects\librecad-2.2\generated\plugin\sameprop\obj\sameprop.tlog\rc.command.1.tlog
e:\projects\librecad-2.2\generated\plugin\sameprop\obj\sameprop.tlog\rc.read.1.tlog
e:\projects\librecad-2.2\generated\plugin\sameprop\obj\sameprop.tlog\rc.write.1.tlog
e:\projects\librecad-2.2\generated\plugin\sameprop\obj\sameprop.tlog\sameprop.write.1u.tlog
