d:\dm\librecad-2.4\generated\plugin\sameprop\obj\sameprop.obj
d:\dm\librecad-2.4\generated\plugin\sameprop\obj\moc_sameprop.obj
d:\dm\librecad-2.4\generated\plugin\sameprop\moc\moc_predefs.h
d:\dm\librecad-2.4\windows\resources\plugins\sameprop1.dll
d:\dm\librecad-2.4\plugins\sameprop\..\..\generated\plugin\sameprop\moc\moc_sameprop.cpp
d:\dm\librecad-2.4\generated\plugin\sameprop\obj\sameprop_resource.res
d:\dm\librecad-2.4\generated\plugin\sameprop\moc\moc_sameprop.cpp
d:\dm\librecad-2.4(yitiji)\generated\plugin\sameprop\moc\moc_sameprop.cpp
d:\dm\librecad-2.4\windows\resources\plugins\sameprop1.lib
d:\dm\librecad-2.4\windows\resources\plugins\sameprop1.exp
d:\dm\librecad-2.4(yitiji)\generated\plugin\sameprop\obj\moc_sameprop.obj
d:\dm\librecad-2.4(yitiji)\generated\plugin\sameprop\obj\sameprop.obj
d:\dm\librecad-2.4(yitiji)\generated\plugin\sameprop\obj\sameprop_resource.res
d:\dm\librecad-2.4(yitiji)\windows\resources\plugins\sameprop1.dll
d:\dm\librecad-2.4(yitiji)\generated\plugin\sameprop\obj\sameprop.tlog\cl.command.1.tlog
d:\dm\librecad-2.4(yitiji)\generated\plugin\sameprop\obj\sameprop.tlog\cl.items.tlog
d:\dm\librecad-2.4(yitiji)\generated\plugin\sameprop\obj\sameprop.tlog\cl.read.1.tlog
d:\dm\librecad-2.4(yitiji)\generated\plugin\sameprop\obj\sameprop.tlog\cl.write.1.tlog
d:\dm\librecad-2.4(yitiji)\generated\plugin\sameprop\obj\sameprop.tlog\custombuild.command.1.tlog
d:\dm\librecad-2.4(yitiji)\generated\plugin\sameprop\obj\sameprop.tlog\custombuild.read.1.tlog
d:\dm\librecad-2.4(yitiji)\generated\plugin\sameprop\obj\sameprop.tlog\custombuild.write.1.tlog
d:\dm\librecad-2.4(yitiji)\generated\plugin\sameprop\obj\sameprop.tlog\link.command.1.tlog
d:\dm\librecad-2.4(yitiji)\generated\plugin\sameprop\obj\sameprop.tlog\link.read.1.tlog
d:\dm\librecad-2.4(yitiji)\generated\plugin\sameprop\obj\sameprop.tlog\link.secondary.1.tlog
d:\dm\librecad-2.4(yitiji)\generated\plugin\sameprop\obj\sameprop.tlog\link.write.1.tlog
d:\dm\librecad-2.4(yitiji)\generated\plugin\sameprop\obj\sameprop.tlog\moc.read.1u.tlog
d:\dm\librecad-2.4(yitiji)\generated\plugin\sameprop\obj\sameprop.tlog\moc.write.1u.tlog
d:\dm\librecad-2.4(yitiji)\generated\plugin\sameprop\obj\sameprop.tlog\rc.command.1.tlog
d:\dm\librecad-2.4(yitiji)\generated\plugin\sameprop\obj\sameprop.tlog\rc.read.1.tlog
d:\dm\librecad-2.4(yitiji)\generated\plugin\sameprop\obj\sameprop.tlog\rc.write.1.tlog
d:\dm\librecad-2.4(yitiji)\generated\plugin\sameprop\obj\sameprop.tlog\sameprop.write.1u.tlog
