d:\dm\librecad-2.4(yitiji)\generated\lib\libdxfrw\obj\libdxfrw.obj
d:\dm\librecad-2.4(yitiji)\generated\lib\libdxfrw\obj\drw_header.obj
d:\dm\librecad-2.4(yitiji)\generated\lib\libdxfrw\obj\dxfwriter.obj
d:\dm\librecad-2.4(yitiji)\generated\lib\libdxfrw\obj\rscodec.obj
d:\dm\librecad-2.4(yitiji)\generated\lib\libdxfrw\obj\dxfreader.obj
d:\dm\librecad-2.4(yitiji)\generated\lib\libdxfrw\obj\libdwgr.obj
d:\dm\librecad-2.4(yitiji)\generated\lib\libdxfrw\obj\dwgreader15.obj
d:\dm\librecad-2.4(yitiji)\generated\lib\libdxfrw\obj\drw_textcodec.obj
d:\dm\librecad-2.4(yitiji)\generated\lib\libdxfrw\obj\drw_entities.obj
d:\dm\librecad-2.4(yitiji)\generated\lib\libdxfrw\obj\dwgreader18.obj
d:\dm\librecad-2.4(yitiji)\generated\lib\libdxfrw\obj\drw_objects.obj
d:\dm\librecad-2.4(yitiji)\generated\lib\libdxfrw\obj\drw_dbg.obj
d:\dm\librecad-2.4(yitiji)\generated\lib\libdxfrw\obj\dwgreader.obj
d:\dm\librecad-2.4(yitiji)\generated\lib\libdxfrw\obj\dwgutil.obj
d:\dm\librecad-2.4(yitiji)\generated\lib\libdxfrw\obj\drw_base.obj
d:\dm\librecad-2.4(yitiji)\generated\lib\libdxfrw\obj\dwgreader27.obj
d:\dm\librecad-2.4(yitiji)\generated\lib\libdxfrw\obj\dwgreader21.obj
d:\dm\librecad-2.4(yitiji)\generated\lib\libdxfrw\obj\drw_classes.obj
d:\dm\librecad-2.4(yitiji)\generated\lib\libdxfrw\obj\dwgbuffer.obj
d:\dm\librecad-2.4(yitiji)\generated\lib\libdxfrw\obj\dwgreader24.obj
d:\dm\librecad-2.4(yitiji)\generated\lib\dxfrw.lib
d:\dm\librecad-2.4(yitiji)\generated\lib\libdxfrw\obj\dxfrw.tlog\cl.10052.write.1.tlog
d:\dm\librecad-2.4(yitiji)\generated\lib\libdxfrw\obj\dxfrw.tlog\cl.command.1.tlog
d:\dm\librecad-2.4(yitiji)\generated\lib\libdxfrw\obj\dxfrw.tlog\cl.items.tlog
d:\dm\librecad-2.4(yitiji)\generated\lib\libdxfrw\obj\dxfrw.tlog\cl.read.1.tlog
d:\dm\librecad-2.4(yitiji)\generated\lib\libdxfrw\obj\dxfrw.tlog\lib-link.read.1.tlog
d:\dm\librecad-2.4(yitiji)\generated\lib\libdxfrw\obj\dxfrw.tlog\lib-link.write.1.tlog
d:\dm\librecad-2.4(yitiji)\generated\lib\libdxfrw\obj\dxfrw.tlog\lib.command.1.tlog
