e:\projects\librecad-2.2\generated\plugin\picfile\obj\vc143.pdb
e:\projects\librecad-2.2\generated\plugin\picfile\obj\picfile.obj
e:\projects\librecad-2.2\generated\plugin\picfile\obj\moc_picfile.obj
e:\projects\librecad-2.2\generated\plugin\picfile\moc\moc_predefs.h
e:\projects\librecad-2.2\windows\resources\plugins\picfiled1.dll
e:\projects\librecad-2.2\windows\resources\plugins\picfiled1.pdb
e:\projects\librecad-2.2\plugins\picfile\..\..\generated\plugin\picfile\moc\moc_picfile.cpp
e:\projects\librecad-2.2\generated\plugin\picfile\moc\moc_picfile.cpp
e:\projects\librecad-2.2\generated\plugin\picfile\obj\picfiled_resource.res
e:\projects\librecad-2.2\windows\resources\plugins\picfiled1.lib
e:\projects\librecad-2.2\windows\resources\plugins\picfiled1.exp
e:\projects\librecad-2.2\windows\resources\plugins\picfiled1.ilk
e:\projects\librecad-2.2\generated\plugin\picfile\obj\picfile.tlog\cl.command.1.tlog
e:\projects\librecad-2.2\generated\plugin\picfile\obj\picfile.tlog\cl.items.tlog
e:\projects\librecad-2.2\generated\plugin\picfile\obj\picfile.tlog\cl.read.1.tlog
e:\projects\librecad-2.2\generated\plugin\picfile\obj\picfile.tlog\cl.write.1.tlog
e:\projects\librecad-2.2\generated\plugin\picfile\obj\picfile.tlog\custombuild.command.1.tlog
e:\projects\librecad-2.2\generated\plugin\picfile\obj\picfile.tlog\custombuild.read.1.tlog
e:\projects\librecad-2.2\generated\plugin\picfile\obj\picfile.tlog\custombuild.write.1.tlog
e:\projects\librecad-2.2\generated\plugin\picfile\obj\picfile.tlog\link.command.1.tlog
e:\projects\librecad-2.2\generated\plugin\picfile\obj\picfile.tlog\link.read.1.tlog
e:\projects\librecad-2.2\generated\plugin\picfile\obj\picfile.tlog\link.secondary.1.tlog
e:\projects\librecad-2.2\generated\plugin\picfile\obj\picfile.tlog\link.write.1.tlog
e:\projects\librecad-2.2\generated\plugin\picfile\obj\picfile.tlog\moc.read.1u.tlog
e:\projects\librecad-2.2\generated\plugin\picfile\obj\picfile.tlog\moc.write.1u.tlog
e:\projects\librecad-2.2\generated\plugin\picfile\obj\picfile.tlog\picfile.write.1u.tlog
e:\projects\librecad-2.2\generated\plugin\picfile\obj\picfile.tlog\rc.command.1.tlog
e:\projects\librecad-2.2\generated\plugin\picfile\obj\picfile.tlog\rc.read.1.tlog
e:\projects\librecad-2.2\generated\plugin\picfile\obj\picfile.tlog\rc.write.1.tlog
