d:\dm\librecad-2.4\generated\plugin\picfile\obj\picfile.obj
d:\dm\librecad-2.4\generated\plugin\picfile\obj\moc_picfile.obj
d:\dm\librecad-2.4\generated\plugin\picfile\moc\moc_predefs.h
d:\dm\librecad-2.4\windows\resources\plugins\picfile1.dll
d:\dm\librecad-2.4\plugins\picfile\..\..\generated\plugin\picfile\moc\moc_picfile.cpp
d:\dm\librecad-2.4\generated\plugin\picfile\moc\moc_picfile.cpp
d:\dm\librecad-2.4(yitiji)\generated\plugin\picfile\moc\moc_picfile.cpp
d:\dm\librecad-2.4\generated\plugin\picfile\obj\picfile_resource.res
d:\dm\librecad-2.4\windows\resources\plugins\picfile1.lib
d:\dm\librecad-2.4\windows\resources\plugins\picfile1.exp
d:\dm\librecad-2.4(yitiji)\generated\plugin\picfile\obj\moc_picfile.obj
d:\dm\librecad-2.4(yitiji)\generated\plugin\picfile\obj\picfile.obj
d:\dm\librecad-2.4(yitiji)\generated\plugin\picfile\obj\picfile_resource.res
d:\dm\librecad-2.4(yitiji)\windows\resources\plugins\picfile1.dll
d:\dm\librecad-2.4(yitiji)\generated\plugin\picfile\obj\picfile.tlog\cl.command.1.tlog
d:\dm\librecad-2.4(yitiji)\generated\plugin\picfile\obj\picfile.tlog\cl.items.tlog
d:\dm\librecad-2.4(yitiji)\generated\plugin\picfile\obj\picfile.tlog\cl.read.1.tlog
d:\dm\librecad-2.4(yitiji)\generated\plugin\picfile\obj\picfile.tlog\cl.write.1.tlog
d:\dm\librecad-2.4(yitiji)\generated\plugin\picfile\obj\picfile.tlog\custombuild.command.1.tlog
d:\dm\librecad-2.4(yitiji)\generated\plugin\picfile\obj\picfile.tlog\custombuild.read.1.tlog
d:\dm\librecad-2.4(yitiji)\generated\plugin\picfile\obj\picfile.tlog\custombuild.write.1.tlog
d:\dm\librecad-2.4(yitiji)\generated\plugin\picfile\obj\picfile.tlog\link.command.1.tlog
d:\dm\librecad-2.4(yitiji)\generated\plugin\picfile\obj\picfile.tlog\link.read.1.tlog
d:\dm\librecad-2.4(yitiji)\generated\plugin\picfile\obj\picfile.tlog\link.secondary.1.tlog
d:\dm\librecad-2.4(yitiji)\generated\plugin\picfile\obj\picfile.tlog\link.write.1.tlog
d:\dm\librecad-2.4(yitiji)\generated\plugin\picfile\obj\picfile.tlog\moc.read.1u.tlog
d:\dm\librecad-2.4(yitiji)\generated\plugin\picfile\obj\picfile.tlog\moc.write.1u.tlog
d:\dm\librecad-2.4(yitiji)\generated\plugin\picfile\obj\picfile.tlog\picfile.write.1u.tlog
d:\dm\librecad-2.4(yitiji)\generated\plugin\picfile\obj\picfile.tlog\rc.command.1.tlog
d:\dm\librecad-2.4(yitiji)\generated\plugin\picfile\obj\picfile.tlog\rc.read.1.tlog
d:\dm\librecad-2.4(yitiji)\generated\plugin\picfile\obj\picfile.tlog\rc.write.1.tlog
